1qaz@WSX..
14330
Traceback (most recent call last):
  File "/fb_ball_info/main.py", line 304, in <module>
    try : main()
  File "/usr/local/lib/python3.9/site-packages/memory_profiler.py", line 1188, in wrapper
    val = prof(func)(*args, **kwargs)
  File "/usr/local/lib/python3.9/site-packages/memory_profiler.py", line 761, in f
    return func(*args, **kwds)
  File "/fb_ball_info/main.py", line 186, in main
    token=login()
  File "/fb_ball_info/main.py", line 54, in login
    s=Service(ChromeDriverManager().install())
  File "/usr/local/lib/python3.9/site-packages/webdriver_manager/chrome.py", line 39, in install
    driver_path = self._get_driver_path(self.driver)
  File "/usr/local/lib/python3.9/site-packages/webdriver_manager/core/manager.py", line 26, in _get_driver_path
    binary_path = self.driver_cache.find_driver(driver)
  File "/usr/local/lib/python3.9/site-packages/webdriver_manager/core/driver_cache.py", line 119, in find_driver
    if not self.__is_valid(driver_info):
  File "/usr/local/lib/python3.9/site-packages/webdriver_manager/core/driver_cache.py", line 127, in __is_valid
    dates_diff = get_date_diff(
  File "/usr/local/lib/python3.9/site-packages/webdriver_manager/core/utils.py", line 100, in get_date_diff
    a = datetime.datetime.strptime(date1, date_format)
  File "<frozen importlib._bootstrap>", line 1007, in _find_and_load
  File "<frozen importlib._bootstrap>", line 986, in _find_and_load_unlocked
  File "<frozen importlib._bootstrap>", line 666, in _load_unlocked
  File "<frozen importlib._bootstrap>", line 571, in module_from_spec
  File "<frozen importlib._bootstrap>", line 550, in _init_module_attrs
  File "<frozen importlib._bootstrap>", line 391, in cached
  File "<frozen importlib._bootstrap_external>", line 494, in _get_cached
  File "<frozen importlib._bootstrap_external>", line 361, in cache_from_source
  File "/usr/local/lib/python3.9/site-packages/memory_profiler.py", line 791, in trace_memory_usage
    def trace_memory_usage(self, frame, event, arg):
KeyboardInterrupt
1qaz@WSX..
12915
https://static.botion.com/pictures/v4_pic/slide_2021_07_14/quiet5/bg/3153a2606b994ad79933e78a300ffc01.png
33 140
https://static.botion.com/pictures/v4_pic/slide_2021_07_14/cartoon5/bg/2e35db0c8bd44b5c95aa1589bc521ee3.png
129 29
https://static.botion.com/pictures/v4_pic/slide_2021_07_14/quiet6/bg/c2d91adcf65e43c492dab7c0e017d6fc.png
23 0
https://static.botion.com/pictures/v4_pic/slide_2021_07_14/Group79/bg/ebd583a731ae4aad88f7d97237d1ee04.png
0 0
https://static.botion.com/pictures/v4_pic/slide_2021_07_14/cartoon3/bg/f24f30c2484d48b399b82714ae8c8094.png
221 69
https://static.botion.com/pictures/v4_pic/slide_2021_07_14/quiet6/bg/7f007553817e4d1d9a219a132aedbf10.png
23 0
https://static.botion.com/pictures/v4_pic/slide_2021_07_14/summer2/bg/caf7570f41054e58b1bebaa156ecd4e4.png
154 41
https://static.botion.com/pictures/v4_pic/slide_2021_07_14/color3/bg/2df2987240b14b05bf7a526221c3e82d.png
157 122
https://static.botion.com/pictures/v4_pic/slide_2021_07_14/color5/bg/b2713735d1ef45b596593c4227370bd4.png
208 108
FB 体育
https://iapi.wtapaakmv.com/v1/match/getList
[1495684, 1495747, 1501944]
[1496500, 1502713, 1501861, 1498312, 1495278, 1502659, 1502658, 1502657]
[1340404]
failed
https://static.botion.com/pictures/v4_pic/slide_2021_07_14/quiet2/bg/2cb1af98bbea42a59b68f71910e997be.png
180 51
FB 体育
main error:Can't get token.
https://static.botion.com/pictures/v4_pic/slide_2021_07_14/Group609/bg/3c1f029c8f0e423a9f12b4684d0d6308.png
227 0
FB 体育
https://iapi.wtapqqbnx.com/v1/match/getList
[1495684, 1495747, 1501944]
match
draw_oods=>[<p class="value font-din draw">1.51</p>, <p class="value font-din draw">5.10</p>, <p class="value font-din draw">2.89</p>]
主場:格罗德诺
主隊分:1
主隊獨贏:1.51
客場:罗加乔夫
客隊分:0
客隊獨贏:2.89
場次:上半场
進行時間:11:03
Leagua:白俄罗斯地区联赛A
Leagua_icon:https://static.fastbs66.com/data/9e7bdf6af9c03926f0e80c6ed9196650.png
===========
{'id': 1495684, 'league': '白俄罗斯地区联赛A', 'league_icon': 'https://static.fastbs66.com/data/9e7bdf6af9c03926f0e80c6ed9196650.png', 'start_at': '上半场11:03', 'home_name': '格罗德诺', 'home_score': '1', 'home_win_odds': '1.51', 'home_handicap': '0', 'home_handicap_odds': '1.80', 'home_total': '大 8/8.5', 'home_total_odds': '1.78', 'home_icon': 'https://static.fastbs66.com/data/1379c5403d8aa7e1b45474e30671cb7d.png', 'guest_name': '罗加乔夫', 'guest_score': '0', 'guest_win_odds': '2.89', 'guest_handicap': '0', 'guest_handicap_odds': '1.80', 'guest_total': '小 8/8.5', 'guest_total_odds': '1.82', 'guest_icon': 'https://static.fastbs66.com/data/d9034d2c9f0534e174868ad962d2f3e5.png'}
資料插入成功！
draw_oods=>[<p class="value font-din draw">2.60</p>, <p class="value font-din draw">2.31</p>, <p class="value font-din draw">2.60</p>]
主場:建造师M
主隊分:2
主隊獨贏:2.60
客場:堡垒
客隊分:2
客隊獨贏:2.60
場次:下半场
進行時間:71:47
Leagua:白俄罗斯地区西方联赛
Leagua_icon:https://static.fastbs66.com/data/9e7bdf6af9c03926f0e80c6ed9196650.png
===========
{'id': 1495747, 'league': '白俄罗斯地区西方联赛', 'league_icon': 'https://static.fastbs66.com/data/9e7bdf6af9c03926f0e80c6ed9196650.png', 'start_at': '下半场71:47', 'home_name': '建造师M', 'home_score': '2', 'home_win_odds': '2.60', 'home_handicap': '0', 'home_handicap_odds': '1.80', 'home_total': '大 5.5', 'home_total_odds': '1.90', 'home_icon': 'https://static.fastbs66.com/data/b279a7d574a3ba371f9d5c4220a2583.png', 'guest_name': '堡垒', 'guest_score': '2', 'guest_win_odds': '2.60', 'guest_handicap': '0', 'guest_handicap_odds': '1.80', 'guest_total': '小 5.5', 'guest_total_odds': '1.70', 'guest_icon': 'https://static.fastbs66.com/data/9e0f844163a0093f149a837bf3bc4014.png'}
資料插入成功！
draw_oods=>[<p class="value font-din draw">6.80</p>, <p class="value font-din draw">6.30</p>, <p class="value font-din draw">1.11</p>]
主場:穆哈拉克
主隊分:0
主隊獨贏:6.80
客場:阿尔卡兹
客隊分:2
客隊獨贏:1.11
場次:上半场
進行時間:31:33
Leagua:非洲东北部联赛
Leagua_icon:https://static.fastbs66.com/data/9e7bdf6af9c03926f0e80c6ed9196650.png
===========
{'id': 1501944, 'league': '非洲东北部联赛', 'league_icon': 'https://static.fastbs66.com/data/9e7bdf6af9c03926f0e80c6ed9196650.png', 'start_at': '上半场31:33', 'home_name': '穆哈拉克', 'home_score': '0', 'home_win_odds': '6.80', 'home_handicap': '+0/0.5', 'home_handicap_odds': '1.73', 'home_total': '大 6/6.5', 'home_total_odds': '1.75', 'home_icon': 'https://static.fastbs66.com/data/44fd173a3ed0a235fbd6cd83c89b62b8.png', 'guest_name': '阿尔卡兹', 'guest_score': '2', 'guest_win_odds': '1.11', 'guest_handicap': '-0/0.5', 'guest_handicap_odds': '1.87', 'guest_total': '小 6/6.5', 'guest_total_odds': '1.85', 'guest_icon': 'https://static.fastbs66.com/data/81dacdc0967aa0160afc3f1b3498e958.png'}
資料插入成功！
[1496500, 1502713, 1501861, 1498312, 1495278, 1502728, 1502659, 1502658, 1502729, 1502657]
match
draw_oods=>[]
主場:宁波町渥
主隊分:67
主隊獨贏:None
客場:广东东莞大益
客隊分:52
客隊獨贏:None
場次:第三节
進行時間:05:05
Leagua:中国男子篮球夏季联赛
Leagua_icon:https://static.fastbs66.com/data/19d2417f4d291766e406e3d8315ab145.png
===========
{'id': 1496500, 'league': '中国男子篮球夏季联赛', 'league_icon': 'https://static.fastbs66.com/data/19d2417f4d291766e406e3d8315ab145.png', 'start_at': '第三节05:05', 'home_name': '宁波町渥', 'home_score': '67', 'home_win_odds': None, 'home_handicap': '-15.5', 'home_handicap_odds': '1.89', 'home_total': None, 'home_total_odds': None, 'home_icon': 'https://static.fastbs66.com/data/36cdd876f7a19cdcf8bc01f262f524b.png', 'guest_name': '广东东莞大益', 'guest_score': '52', 'guest_win_odds': None, 'guest_handicap': '+15.5', 'guest_handicap_odds': '1.83', 'guest_total': None, 'guest_total_odds': None, 'guest_icon': 'https://static.fastbs66.com/9b13365d347c79b481ffbf86f12e8c85.png'}
資料插入成功！
draw_oods=>[]
主場:河南猛虎
主隊分:19
主隊獨贏:None
客場:成都大熊猫
客隊分:21
客隊獨贏:None
場次:第一节
進行時間:00:28
Leagua:中国篮球新星联赛
Leagua_icon:https://static.fastbs66.com/data/152173ce23d65b103efc96355707ec14.png
===========
{'id': 1502713, 'league': '中国篮球新星联赛', 'league_icon': 'https://static.fastbs66.com/data/152173ce23d65b103efc96355707ec14.png', 'start_at': '第一节00:28', 'home_name': '河南猛虎', 'home_score': '19', 'home_win_odds': None, 'home_handicap': '+1.5', 'home_handicap_odds': '1.75', 'home_total': '大 192.5', 'home_total_odds': '1.78', 'home_icon': 'https://static.fastbs66.com/data/aa10f091f7e0a79ee3d3ee73a9c164d1.png', 'guest_name': '成都大熊猫', 'guest_score': '21', 'guest_win_odds': None, 'guest_handicap': '-1.5', 'guest_handicap_odds': '1.81', 'guest_total': '小 192.5', 'guest_total_odds': '1.78', 'guest_icon': 'https://static.fastbs66.com/data/ad813fc1a4c3237622f196e2adf7941a.png'}
資料插入成功！
draw_oods=>[]
主場:舞会服务
主隊分:14
主隊獨贏:None
客場:亚利桑那波多尔
客隊分:21
客隊獨贏:None
場次:第一节
進行時間:03:59
Leagua:乌克兰LBL篮球联赛
Leagua_icon:https://static.fastbs66.com/data/9e7bdf6af9c03926f0e80c6ed9196650.png
===========
{'id': 1501861, 'league': '乌克兰LBL篮球联赛', 'league_icon': 'https://static.fastbs66.com/data/9e7bdf6af9c03926f0e80c6ed9196650.png', 'start_at': '第一节03:59', 'home_name': '舞会服务', 'home_score': '14', 'home_win_odds': None, 'home_handicap': '+2.5', 'home_handicap_odds': '1.76', 'home_total': '大 214.5', 'home_total_odds': '1.79', 'home_icon': 'https://static.fastbs66.com/data/38c7923ac344c6622a28c0be8d74aca9.png', 'guest_name': '亚利桑那波多尔', 'guest_score': '21', 'guest_win_odds': None, 'guest_handicap': '-2.5', 'guest_handicap_odds': '1.80', 'guest_total': '小 214.5', 'guest_total_odds': '1.77', 'guest_icon': 'https://static.fastbs66.com/data/84d825924d046af336b9ece01f3c874c.png'}
資料插入成功！
draw_oods=>[]
主場:韩国中央大学
主隊分:45
主隊獨贏:None
客場:朝鲜大学
客隊分:40
客隊獨贏:None
場次:半场
進行時間:00:00
Leagua:韩国大学MBC篮球杯
Leagua_icon:https://static.fastbs66.com/data/9e7bdf6af9c03926f0e80c6ed9196650.png
===========
{'id': 1498312, 'league': '韩国大学MBC篮球杯', 'league_icon': 'https://static.fastbs66.com/data/9e7bdf6af9c03926f0e80c6ed9196650.png', 'start_at': '半场00:00', 'home_name': '韩国中央大学', 'home_score': '45', 'home_win_odds': None, 'home_handicap': '-15.5', 'home_handicap_odds': '1.80', 'home_total': None, 'home_total_odds': None, 'home_icon': 'https://static.fastbs66.com/data/eadb98a355c6200d57a3a1365e2e9f99.png', 'guest_name': '朝鲜大学', 'guest_score': '40', 'guest_win_odds': None, 'guest_handicap': '+15.5', 'guest_handicap_odds': '1.80', 'guest_total': None, 'guest_total_odds': None, 'guest_icon': 'https://static.fastbs66.com/data/30c2d3b8b53c80b341c61fafed2dd25.jpg'}
資料插入成功！
draw_oods=>[]
主場:宇航员
主隊分:68
主隊獨贏:None
客場:猎豹
客隊分:75
客隊獨贏:None
場次:第三节
進行時間:00:34
Leagua:白俄罗斯天空篮球联赛
Leagua_icon:https://static.fastbs66.com/data/a59a8f31f2ba80e6cc4459a6c75fb5b5.png
===========
{'id': 1495278, 'league': '白俄罗斯天空篮球联赛', 'league_icon': 'https://static.fastbs66.com/data/a59a8f31f2ba80e6cc4459a6c75fb5b5.png', 'start_at': '第三节00:34', 'home_name': '宇航员', 'home_score': '68', 'home_win_odds': None, 'home_handicap': '+6.5', 'home_handicap_odds': '1.72', 'home_total': '大 196.5', 'home_total_odds': '1.86', 'home_icon': 'https://static.fastbs66.com/data/55621ad890b390c559255cb50cd2ccfa.png', 'guest_name': '猎豹', 'guest_score': '75', 'guest_win_odds': None, 'guest_handicap': '-6.5', 'guest_handicap_odds': '1.84', 'guest_total': '小 196.5', 'guest_total_odds': '1.70', 'guest_icon': 'https://static.fastbs66.com/data/151d0044b4d2c531e7e0e57dc969743a.jpg'}
資料插入成功！
draw_oods=>[<p class="value font-din">2.00</p>, <p class="value font-din">1.69</p>]
主場:海军
主隊分:-
主隊獨贏:2.00
客場:突袭者
客隊分:-
客隊獨贏:1.69
場次:第一节
進行時間:06:37
Leagua:火箭篮球联盟
Leagua_icon:https://static.fastbs66.com/data/8c4c1897a8e754955918ea5327c4f99c.png
===========
{'id': 1502728, 'league': '火箭篮球联盟', 'league_icon': 'https://static.fastbs66.com/data/8c4c1897a8e754955918ea5327c4f99c.png', 'start_at': '第一节06:37', 'home_name': '海军', 'home_score': '-', 'home_win_odds': '2.00', 'home_handicap': '+2.5', 'home_handicap_odds': '1.83', 'home_total': '大 237.5', 'home_total_odds': '1.81', 'home_icon': 'https://static.fastbs66.com/data/b57b55df31ed225867b8a273ef3aa373.png', 'guest_name': '突袭者', 'guest_score': '-', 'guest_win_odds': '1.69', 'guest_handicap': '-2.5', 'guest_handicap_odds': '1.89', 'guest_total': '小 237.5', 'guest_total_odds': '1.85', 'guest_icon': 'https://static.fastbs66.com/data/38f6e4d1261c72f42d45acdd52a9ce0a.png'}
資料插入成功！
draw_oods=>[]
主場:伊古门斯基耶里西
主隊分:83
主隊獨贏:None
客場:乌姆卡明斯克
客隊分:85
客隊獨贏:None
場次:第四节
進行時間:08:40
Leagua:白俄罗斯NBBL
Leagua_icon:https://static.fastbs66.com/data/9e7bdf6af9c03926f0e80c6ed9196650.png
===========
{'id': 1502659, 'league': '白俄罗斯NBBL', 'league_icon': 'https://static.fastbs66.com/data/9e7bdf6af9c03926f0e80c6ed9196650.png', 'start_at': '第四节08:40', 'home_name': '伊古门斯基耶里西', 'home_score': '83', 'home_win_odds': None, 'home_handicap': '+2.5', 'home_handicap_odds': '1.72', 'home_total': '大 212.5', 'home_total_odds': '1.73', 'home_icon': 'https://static.fastbs66.com/data/777c6f0a9b6f11929ecca8c7c48da9c1.png', 'guest_name': '乌姆卡明斯克', 'guest_score': '85', 'guest_win_odds': None, 'guest_handicap': '-2.5', 'guest_handicap_odds': '1.84', 'guest_total': '小 212.5', 'guest_total_odds': '1.83', 'guest_icon': 'https://static.fastbs66.com/data/e330c65aa97b499fddc6cf245e14975b.jpg'}
資料插入成功！
draw_oods=>[]
主場:西伯利亚
主隊分:85
主隊獨贏:None
客場:堪察加
客隊分:81
客隊獨贏:None
場次:第四节
進行時間:00:04
Leagua:IPBL篮球专业组
Leagua_icon:https://static.fastbs66.com/data/80393d8c25a3726da2b8d5ad5bf36b99.png
===========
{'id': 1502658, 'league': 'IPBL篮球专业组', 'league_icon': 'https://static.fastbs66.com/data/80393d8c25a3726da2b8d5ad5bf36b99.png', 'start_at': '第四节00:04', 'home_name': '西伯利亚', 'home_score': '85', 'home_win_odds': None, 'home_handicap': None, 'home_handicap_odds': None, 'home_total': None, 'home_total_odds': None, 'home_icon': 'https://static.fastbs66.com/data/93d8d0e1066442d5fcc3dffeaedcb190.png', 'guest_name': '堪察加', 'guest_score': '81', 'guest_win_odds': None, 'guest_handicap': None, 'guest_handicap_odds': None, 'guest_total': None, 'guest_total_odds': None, 'guest_icon': 'https://static.fastbs66.com/data/2fa9fa40d4ac81630d38ec0c2595b597.png'}
資料插入成功！
draw_oods=>[<p class="value font-din">2.02</p>, <p class="value font-din">1.67</p>]
主場:燕子 (女)
主隊分:2
主隊獨贏:2.02
客場:巨鸭 (女)
客隊分:4
客隊獨贏:1.67
場次:第一节
進行時間:08:53
Leagua:火箭女子篮球联盟
Leagua_icon:https://static.fastbs66.com/data/5db6a7248b7c7924e6c305bc3865949a.jpg
===========
{'id': 1502729, 'league': '火箭女子篮球联盟', 'league_icon': 'https://static.fastbs66.com/data/5db6a7248b7c7924e6c305bc3865949a.jpg', 'start_at': '第一节08:53', 'home_name': '燕子 (女)', 'home_score': '2', 'home_win_odds': '2.02', 'home_handicap': '+2.5', 'home_handicap_odds': '1.83', 'home_total': '大 170.5', 'home_total_odds': '1.82', 'home_icon': 'https://static.fastbs66.com/data/56c1ca0c830da88e0f9fb3b1ec8f44be.png', 'guest_name': '巨鸭 (女)', 'guest_score': '4', 'guest_win_odds': '1.67', 'guest_handicap': '-2.5', 'guest_handicap_odds': '1.89', 'guest_total': '小 170.5', 'guest_total_odds': '1.84', 'guest_icon': 'https://static.fastbs66.com/data/e8e727a6e83954c4392d1f308591c54d.png'}
資料插入成功！
draw_oods=>[]
主場:奥伦堡 (女)
主隊分:70
主隊獨贏:None
客場:沃洛格达 (女)
客隊分:81
客隊獨贏:None
場次:第四节
進行時間:00:47
Leagua:IPBL女子篮球专业组
Leagua_icon:https://static.fastbs66.com/data/7d2bee495a81dd30f717eb05c8b0bfd5.png
===========
{'id': 1502657, 'league': 'IPBL女子篮球专业组', 'league_icon': 'https://static.fastbs66.com/data/7d2bee495a81dd30f717eb05c8b0bfd5.png', 'start_at': '第四节00:47', 'home_name': '奥伦堡 (女)', 'home_score': '70', 'home_win_odds': None, 'home_handicap': None, 'home_handicap_odds': None, 'home_total': None, 'home_total_odds': None, 'home_icon': 'https://static.fastbs66.com/data/933f778ce2f3b29f993d276551b3212a.png', 'guest_name': '沃洛格达 (女)', 'guest_score': '81', 'guest_win_odds': None, 'guest_handicap': None, 'guest_handicap_odds': None, 'guest_total': None, 'guest_total_odds': None, 'guest_icon': 'https://static.fastbs66.com/data/ea151452d5785fa4195d8ca811640f5e.png'}
資料插入成功！
[1340404]
match
draw_oods=>[]
主場:北海道日本火腿斗
主隊分:2
主隊獨贏:None
客場:东北乐天金鹰
客隊分:2
客隊獨贏:None
場次:第8局 下
進行時間:
Leagua:日本职业棒球
Leagua_icon:https://static.fastbs66.com/data/7af5e3d0713701f16160eb514b23099.png
===========
{'id': 1340404, 'league': '日本职业棒球', 'league_icon': 'https://static.fastbs66.com/data/7af5e3d0713701f16160eb514b23099.png', 'start_at': '第8局 下', 'home_name': '北海道日本火腿斗', 'home_score': '2', 'home_win_odds': None, 'home_handicap': None, 'home_handicap_odds': None, 'home_total': None, 'home_total_odds': None, 'home_icon': 'https://static.fastbs66.com/data/bbca60903c20e41de2109fade1249755.png', 'guest_name': '东北乐天金鹰', 'guest_score': '2', 'guest_win_odds': None, 'guest_handicap': None, 'guest_handicap_odds': None, 'guest_total': None, 'guest_total_odds': None, 'guest_icon': 'https://static.fastbs66.com/data/2312d477a3c55c5fde23a28f11fbc429.png'}
資料插入成功！
[1500945, 1500913, 1501459, 1500911, 1500914]
match
draw_oods=>[<p class="value font-din draw">1.26</p>, <p class="value font-din draw">3.22</p>]
主場:拉克夏.古普塔
主隊分:1
主隊獨贏:1.26
客場:以利亚.查姆 (
客隊分:0
客隊獨贏:3.22
場次:第二盘
進行時間:
Leagua:UTR 职业网球系列赛 - 男子单打
Leagua_icon:https://static.fastbs66.com/data/73eb470dcea415d44c496332a88bdec7.png
===========
{'id': 1500945, 'league': 'UTR 职业网球系列赛 - 男子单打', 'league_icon': 'https://static.fastbs66.com/data/73eb470dcea415d44c496332a88bdec7.png', 'start_at': '第二盘', 'home_name': '拉克夏.古普塔', 'home_score': '1', 'home_win_odds': '1.26', 'home_handicap': '-3.5', 'home_handicap_odds': '2.02', 'home_total': '大 23.5', 'home_total_odds': '1.88', 'home_icon': None, 'guest_name': '以利亚.查姆 (', 'guest_score': '0', 'guest_win_odds': '3.22', 'guest_handicap': '+3.5', 'guest_handicap_odds': '1.70', 'guest_total': '小 23.5', 'guest_total_odds': '1.84', 'guest_icon': None}
資料插入成功！
draw_oods=>[<p class="value font-din draw">1.37</p>, <p class="value font-din draw">2.69</p>]
主場:帕拉福姆.科瓦皮
主隊分:1
主隊獨贏:1.37
客場:李在炆 (韩国)
客隊分:1
客隊獨贏:2.69
場次:第三盘
進行時間:
Leagua:ITF - M15 那空是贪玛叻 男子单打
Leagua_icon:https://static.fastbs66.com/data/600a2c15eb52c8329c8f7792ddf20fdd.png
===========
{'id': 1500913, 'league': 'ITF - M15 那空是贪玛叻 男子单打', 'league_icon': 'https://static.fastbs66.com/data/600a2c15eb52c8329c8f7792ddf20fdd.png', 'start_at': '第三盘', 'home_name': '帕拉福姆.科瓦皮', 'home_score': '1', 'home_win_odds': '1.37', 'home_handicap': '-2.5', 'home_handicap_odds': '1.56', 'home_total': '大 28.5', 'home_total_odds': '1.80', 'home_icon': None, 'guest_name': '李在炆 (韩国)', 'guest_score': '1', 'guest_win_odds': '2.69', 'guest_handicap': '+2.5', 'guest_handicap_odds': '2.19', 'guest_total': '小 28.5', 'guest_total_odds': '1.92', 'guest_icon': None}
資料插入成功！
draw_oods=>[]
主場:卢佳静 (中国)
主隊分:1
主隊獨贏:None
客場:王鑫彤 (中国)
客隊分:1
客隊獨贏:None
場次:第三盘
進行時間:
Leagua:ITF - W25 乃蛮女子单打
Leagua_icon:https://static.fastbs66.com/data/600a2c15eb52c8329c8f7792ddf20fdd.png
===========
{'id': 1501459, 'league': 'ITF - W25 乃蛮女子单打', 'league_icon': 'https://static.fastbs66.com/data/600a2c15eb52c8329c8f7792ddf20fdd.png', 'start_at': '第三盘', 'home_name': '卢佳静 (中国)', 'home_score': '1', 'home_win_odds': None, 'home_handicap': None, 'home_handicap_odds': None, 'home_total': None, 'home_total_odds': None, 'home_icon': None, 'guest_name': '王鑫彤 (中国)', 'guest_score': '1', 'guest_win_odds': None, 'guest_handicap': None, 'guest_handicap_odds': None, 'guest_total': None, 'guest_total_odds': None, 'guest_icon': None}
資料插入成功！
draw_oods=>[]
主場:吴美序 (中国)
主隊分:1
主隊獨贏:None
客場:王佳琪 (中国)
客隊分:1
客隊獨贏:None
場次:第三盘
進行時間:
Leagua:ITF - W25 乃蛮女子单打
Leagua_icon:https://static.fastbs66.com/data/600a2c15eb52c8329c8f7792ddf20fdd.png
===========
{'id': 1500911, 'league': 'ITF - W25 乃蛮女子单打', 'league_icon': 'https://static.fastbs66.com/data/600a2c15eb52c8329c8f7792ddf20fdd.png', 'start_at': '第三盘', 'home_name': '吴美序 (中国)', 'home_score': '1', 'home_win_odds': None, 'home_handicap': None, 'home_handicap_odds': None, 'home_total': None, 'home_total_odds': None, 'home_icon': None, 'guest_name': '王佳琪 (中国)', 'guest_score': '1', 'guest_win_odds': None, 'guest_handicap': None, 'guest_handicap_odds': None, 'guest_total': None, 'guest_total_odds': None, 'guest_icon': None}
資料插入成功！
draw_oods=>[<p class="value font-din draw">2.31</p>, <p class="value font-din draw">1.49</p>]
主場:唐盛 (中国)
主隊分:0
主隊獨贏:2.31
客場:埃里克.阿鲁蒂尼
客隊分:0
客隊獨贏:1.49
場次:第一盘
進行時間:
Leagua:ITF - M15 上海男子单打
Leagua_icon:https://static.fastbs66.com/data/3056bb883c802670e54ec5a06654442c.png
===========
{'id': 1500914, 'league': 'ITF - M15 上海男子单打', 'league_icon': 'https://static.fastbs66.com/data/3056bb883c802670e54ec5a06654442c.png', 'start_at': '第一盘', 'home_name': '唐盛 (中国)', 'home_score': '0', 'home_win_odds': '2.31', 'home_handicap': '+2.5', 'home_handicap_odds': '1.99', 'home_total': '大 22.5', 'home_total_odds': '1.92', 'home_icon': None, 'guest_name': '埃里克.阿鲁蒂尼', 'guest_score': '0', 'guest_win_odds': '1.49', 'guest_handicap': '-2.5', 'guest_handicap_odds': '1.73', 'guest_total': '小 22.5', 'guest_total_odds': '1.80', 'guest_icon': None}
資料插入成功！
[1501373, 1485917, 1501824, 1501408]
match
draw_oods=>[<p class="value font-din draw">1.54</p>, <p class="value font-din draw">2.21</p>]
主場:莫洛特pro
主隊分:1
主隊獨贏:1.54
客場:维塔兹pro
客隊分:0
客隊獨贏:2.21
場次:第二局
進行時間:
Leagua:白俄罗斯排球职业联赛
Leagua_icon:https://static.fastbs66.com/data/fcf71b7cad60688a760bc22eed1305f0.png
===========
{'id': 1501373, 'league': '白俄罗斯排球职业联赛', 'league_icon': 'https://static.fastbs66.com/data/fcf71b7cad60688a760bc22eed1305f0.png', 'start_at': '第二局', 'home_name': '莫洛特pro', 'home_score': '1', 'home_win_odds': '1.54', 'home_handicap': '-0.5', 'home_handicap_odds': '1.86', 'home_total': '大 188.5', 'home_total_odds': '1.82', 'home_icon': 'https://static.fastbs66.com/data/ebe5c6c1218afc6a72057f3012632072.png', 'guest_name': '维塔兹pro', 'guest_score': '0', 'guest_win_odds': '2.21', 'guest_handicap': '+0.5', 'guest_handicap_odds': '1.82', 'guest_total': '小 188.5', 'guest_total_odds': '1.86', 'guest_icon': 'https://static.fastbs66.com/data/46525fca15c6b20cf158ceb961442a2e.png'}
資料插入成功！
draw_oods=>[<p class="value font-din draw">1.23</p>, <p class="value font-din draw">3.45</p>]
主場:F2物流货物搬运
主隊分:2
主隊獨贏:1.23
客場:石油天使 (女)
客隊分:2
客隊獨贏:3.45
場次:第五局
進行時間:
Leagua:菲律宾女子排球超级联赛
Leagua_icon:https://static.fastbs66.com/data/33699b61eb37206ddda94adde8874737.png
===========
{'id': 1485917, 'league': '菲律宾女子排球超级联赛', 'league_icon': 'https://static.fastbs66.com/data/33699b61eb37206ddda94adde8874737.png', 'start_at': '第五局', 'home_name': 'F2物流货物搬运', 'home_score': '2', 'home_win_odds': '1.23', 'home_handicap': '+4.5', 'home_handicap_odds': '2.02', 'home_total': '大 223.5', 'home_total_odds': '2.26', 'home_icon': 'https://static.fastbs66.com/data/ab5e34b4fc268516009f0fc11a306c07.png', 'guest_name': '石油天使 (女)', 'guest_score': '2', 'guest_win_odds': '3.45', 'guest_handicap': '-4.5', 'guest_handicap_odds': '1.66', 'guest_total': '小 223.5', 'guest_total_odds': '1.47', 'guest_icon': 'https://static.fastbs66.com/data/d8a69aa61b3707951b04b246fa6b2ca4.jpg'}
資料插入成功！
draw_oods=>[<p class="value font-din draw">1.88</p>, <p class="value font-din draw">1.75</p>]
主場:意大利精神队 (
主隊分:0
主隊獨贏:1.88
客場:美国之星队 (女
客隊分:1
客隊獨贏:1.75
場次:第二局
進行時間:
Leagua:世界业余排球联赛女子
Leagua_icon:https://static.fastbs66.com/data/7d2391f3de767cc3dd3b8d6361a9090f.png
===========
{'id': 1501824, 'league': '世界业余排球联赛女子', 'league_icon': 'https://static.fastbs66.com/data/7d2391f3de767cc3dd3b8d6361a9090f.png', 'start_at': '第二局', 'home_name': '意大利精神队 (', 'home_score': '0', 'home_win_odds': '1.88', 'home_handicap': '+3.5', 'home_handicap_odds': '1.79', 'home_total': '大 186.5', 'home_total_odds': '1.84', 'home_icon': 'https://static.fastbs66.com/data/cd0908766eacb81810b90bcee33c577e.png', 'guest_name': '美国之星队 (女', 'guest_score': '1', 'guest_win_odds': '1.75', 'guest_handicap': '-3.5', 'guest_handicap_odds': '1.89', 'guest_total': '小 186.5', 'guest_total_odds': '1.84', 'guest_icon': 'https://static.fastbs66.com/data/390134f6f27684868f3236c4889630dd.png'}
資料插入成功！
draw_oods=>[]
主場:印尼
主隊分:2
1qaz@WSX..
14492
https://static.botion.com/pictures/v4_pic/slide_2021_07_14/Group589/bg/d4a8da32e3034ba7bf051e551570b3d0.png
246 28
https://static.botion.com/pictures/v4_pic/slide_2021_07_14/Group80/bg/c273c33577d24e4fbe87b1ee09e8755c.png
211 119
FB 体育
https://iapi.wtapqqbnx.com/v1/match/getList
[1495684, 1495747, 1501944]
match
draw_oods=>[]
主場:格罗德诺
主隊分:1
主隊獨贏:None
客場:罗加乔夫
客隊分:1
客隊獨贏:None
場次:上半场
進行時間:11:59
Leagua:白俄罗斯地区联赛A
Leagua_icon:https://static.fastbs66.com/data/9e7bdf6af9c03926f0e80c6ed9196650.png
===========
{'id': 1495684, 'league': '白俄罗斯地区联赛A', 'league_icon': 'https://static.fastbs66.com/data/9e7bdf6af9c03926f0e80c6ed9196650.png', 'start_at': '上半场11:59', 'home_name': '格罗德诺', 'home_score': '1', 'home_win_odds': None, 'home_handicap': None, 'home_handicap_odds': None, 'home_total': None, 'home_total_odds': None, 'home_icon': 'https://static.fastbs66.com/data/1379c5403d8aa7e1b45474e30671cb7d.png', 'guest_name': '罗加乔夫', 'guest_score': '1', 'guest_win_odds': None, 'guest_handicap': None, 'guest_handicap_odds': None, 'guest_total': None, 'guest_total_odds': None, 'guest_icon': 'https://static.fastbs66.com/data/d9034d2c9f0534e174868ad962d2f3e5.png'}
資料插入成功！
draw_oods=>[<p class="value font-din draw">2.63</p>, <p class="value font-din draw">2.26</p>, <p class="value font-din draw">2.63</p>]
主場:建造师M
主隊分:2
主隊獨贏:2.63
客場:堡垒
客隊分:2
客隊獨贏:2.63
場次:下半场
進行時間:72:41
Leagua:白俄罗斯地区西方联赛
Leagua_icon:https://static.fastbs66.com/data/9e7bdf6af9c03926f0e80c6ed9196650.png
===========
{'id': 1495747, 'league': '白俄罗斯地区西方联赛', 'league_icon': 'https://static.fastbs66.com/data/9e7bdf6af9c03926f0e80c6ed9196650.png', 'start_at': '下半场72:41', 'home_name': '建造师M', 'home_score': '2', 'home_win_odds': '2.63', 'home_handicap': '0', 'home_handicap_odds': '1.80', 'home_total': '大 5/5.5', 'home_total_odds': '1.69', 'home_icon': 'https://static.fastbs66.com/data/b279a7d574a3ba371f9d5c4220a2583.png', 'guest_name': '堡垒', 'guest_score': '2', 'guest_win_odds': '2.63', 'guest_handicap': '0', 'guest_handicap_odds': '1.80', 'guest_total': '小 5/5.5', 'guest_total_odds': '1.91', 'guest_icon': 'https://static.fastbs66.com/data/9e0f844163a0093f149a837bf3bc4014.png'}
資料插入成功！
draw_oods=>[<p class="value font-din draw">6.85</p>, <p class="value font-din draw">6.30</p>, <p class="value font-din draw">1.11</p>]
主場:穆哈拉克
主隊分:0
主隊獨贏:6.85
客場:阿尔卡兹
客隊分:2
客隊獨贏:1.11
場次:上半场
進行時間:32:30
Leagua:非洲东北部联赛
Leagua_icon:https://static.fastbs66.com/data/9e7bdf6af9c03926f0e80c6ed9196650.png
===========
{'id': 1501944, 'league': '非洲东北部联赛', 'league_icon': 'https://static.fastbs66.com/data/9e7bdf6af9c03926f0e80c6ed9196650.png', 'start_at': '上半场32:30', 'home_name': '穆哈拉克', 'home_score': '0', 'home_win_odds': '6.85', 'home_handicap': '+0/0.5', 'home_handicap_odds': '1.73', 'home_total': '大 6/6.5', 'home_total_odds': '1.91', 'home_icon': 'https://static.fastbs66.com/data/44fd173a3ed0a235fbd6cd83c89b62b8.png', 'guest_name': '阿尔卡兹', 'guest_score': '2', 'guest_win_odds': '1.11', 'guest_handicap': '-0/0.5', 'guest_handicap_odds': '1.87', 'guest_total': '小 6/6.5', 'guest_total_odds': '1.69', 'guest_icon': 'https://static.fastbs66.com/data/81dacdc0967aa0160afc3f1b3498e958.png'}
資料插入成功！
[1496500, 1502713, 1501861, 1498312, 1495278, 1502728, 1502659, 1502729]
match
draw_oods=>[]
主場:宁波町渥
主隊分:67
主隊獨贏:None
客場:广东东莞大益
客隊分:52
客隊獨贏:None
場次:第三节
進行時間:04:15
Leagua:中国男子篮球夏季联赛
Leagua_icon:https://static.fastbs66.com/data/19d2417f4d291766e406e3d8315ab145.png
===========
{'id': 1496500, 'league': '中国男子篮球夏季联赛', 'league_icon': 'https://static.fastbs66.com/data/19d2417f4d291766e406e3d8315ab145.png', 'start_at': '第三节04:15', 'home_name': '宁波町渥', 'home_score': '67', 'home_win_odds': None, 'home_handicap': '-15.5', 'home_handicap_odds': '1.89', 'home_total': None, 'home_total_odds': None, 'home_icon': 'https://static.fastbs66.com/data/36cdd876f7a19cdcf8bc01f262f524b.png', 'guest_name': '广东东莞大益', 'guest_score': '52', 'guest_win_odds': None, 'guest_handicap': '+15.5', 'guest_handicap_odds': '1.83', 'guest_total': None, 'guest_total_odds': None, 'guest_icon': 'https://static.fastbs66.com/9b13365d347c79b481ffbf86f12e8c85.png'}
資料插入成功！
draw_oods=>[]
主場:河南猛虎
主隊分:19
主隊獨贏:None
客場:成都大熊猫
客隊分:23
客隊獨贏:None
場次:第二节
進行時間:12:00
Leagua:中国篮球新星联赛
Leagua_icon:https://static.fastbs66.com/data/152173ce23d65b103efc96355707ec14.png
===========
{'id': 1502713, 'league': '中国篮球新星联赛', 'league_icon': 'https://static.fastbs66.com/data/152173ce23d65b103efc96355707ec14.png', 'start_at': '第二节12:00', 'home_name': '河南猛虎', 'home_score': '19', 'home_win_odds': None, 'home_handicap': '+2.5', 'home_handicap_odds': '1.82', 'home_total': '大 192.5', 'home_total_odds': '1.78', 'home_icon': 'https://static.fastbs66.com/data/aa10f091f7e0a79ee3d3ee73a9c164d1.png', 'guest_name': '成都大熊猫', 'guest_score': '23', 'guest_win_odds': None, 'guest_handicap': '-2.5', 'guest_handicap_odds': '1.74', 'guest_total': '小 192.5', 'guest_total_odds': '1.78', 'guest_icon': 'https://static.fastbs66.com/data/ad813fc1a4c3237622f196e2adf7941a.png'}
資料插入成功！
draw_oods=>[]
主場:舞会服务
主隊分:16
主隊獨贏:None
客場:亚利桑那波多尔
客隊分:26
客隊獨贏:None
場次:第一节
進行時間:02:37
Leagua:乌克兰LBL篮球联赛
Leagua_icon:https://static.fastbs66.com/data/9e7bdf6af9c03926f0e80c6ed9196650.png
===========
{'id': 1501861, 'league': '乌克兰LBL篮球联赛', 'league_icon': 'https://static.fastbs66.com/data/9e7bdf6af9c03926f0e80c6ed9196650.png', 'start_at': '第一节02:37', 'home_name': '舞会服务', 'home_score': '16', 'home_win_odds': None, 'home_handicap': '+5.5', 'home_handicap_odds': '1.74', 'home_total': '大 214.5', 'home_total_odds': '1.76', 'home_icon': 'https://static.fastbs66.com/data/38c7923ac344c6622a28c0be8d74aca9.png', 'guest_name': '亚利桑那波多尔', 'guest_score': '26', 'guest_win_odds': None, 'guest_handicap': '-5.5', 'guest_handicap_odds': '1.82', 'guest_total': '小 214.5', 'guest_total_odds': '1.80', 'guest_icon': 'https://static.fastbs66.com/data/84d825924d046af336b9ece01f3c874c.png'}
資料插入成功！
draw_oods=>[]
主場:韩国中央大学
主隊分:45
主隊獨贏:None
客場:朝鲜大学
客隊分:40
客隊獨贏:None
場次:半场
進行時間:00:00
Leagua:韩国大学MBC篮球杯
Leagua_icon:https://static.fastbs66.com/data/9e7bdf6af9c03926f0e80c6ed9196650.png
===========
{'id': 1498312, 'league': '韩国大学MBC篮球杯', 'league_icon': 'https://static.fastbs66.com/data/9e7bdf6af9c03926f0e80c6ed9196650.png', 'start_at': '半场00:00', 'home_name': '韩国中央大学', 'home_score': '45', 'home_win_odds': None, 'home_handicap': '-15.5', 'home_handicap_odds': '1.80', 'home_total': '大 163.5', 'home_total_odds': '1.73', 'home_icon': 'https://static.fastbs66.com/data/eadb98a355c6200d57a3a1365e2e9f99.png', 'guest_name': '朝鲜大学', 'guest_score': '40', 'guest_win_odds': None, 'guest_handicap': '+15.5', 'guest_handicap_odds': '1.80', 'guest_total': '小 163.5', 'guest_total_odds': '1.83', 'guest_icon': 'https://static.fastbs66.com/data/30c2d3b8b53c80b341c61fafed2dd25.jpg'}
資料插入成功！
draw_oods=>[]
主場:宇航员
主隊分:71
主隊獨贏:None
客場:猎豹
客隊分:80
客隊獨贏:None
場次:第三节
進行時間:00:00
Leagua:白俄罗斯天空篮球联赛
Leagua_icon:https://static.fastbs66.com/data/a59a8f31f2ba80e6cc4459a6c75fb5b5.png
===========
{'id': 1495278, 'league': '白俄罗斯天空篮球联赛', 'league_icon': 'https://static.fastbs66.com/data/a59a8f31f2ba80e6cc4459a6c75fb5b5.png', 'start_at': '第三节00:00', 'home_name': '宇航员', 'home_score': '71', 'home_win_odds': None, 'home_handicap': '+7.5', 'home_handicap_odds': '1.78', 'home_total': '大 201.5', 'home_total_odds': '1.75', 'home_icon': 'https://static.fastbs66.com/data/55621ad890b390c559255cb50cd2ccfa.png', 'guest_name': '猎豹', 'guest_score': '80', 'guest_win_odds': None, 'guest_handicap': '-7.5', 'guest_handicap_odds': '1.78', 'guest_total': '小 201.5', 'guest_total_odds': '1.81', 'guest_icon': 'https://static.fastbs66.com/data/151d0044b4d2c531e7e0e57dc969743a.jpg'}
資料插入成功！
draw_oods=>[<p class="value font-din">2.00</p>, <p class="value font-din">1.69</p>]
主場:海军
主隊分:14
主隊獨贏:2.00
客場:突袭者
客隊分:16
客隊獨贏:1.69
場次:第一节
進行時間:05:26
Leagua:火箭篮球联盟
Leagua_icon:https://static.fastbs66.com/data/8c4c1897a8e754955918ea5327c4f99c.png
===========
{'id': 1502728, 'league': '火箭篮球联盟', 'league_icon': 'https://static.fastbs66.com/data/8c4c1897a8e754955918ea5327c4f99c.png', 'start_at': '第一节05:26', 'home_name': '海军', 'home_score': '14', 'home_win_odds': '2.00', 'home_handicap': '+2.5', 'home_handicap_odds': '1.83', 'home_total': '大 236.5', 'home_total_odds': '1.81', 'home_icon': 'https://static.fastbs66.com/data/b57b55df31ed225867b8a273ef3aa373.png', 'guest_name': '突袭者', 'guest_score': '16', 'guest_win_odds': '1.69', 'guest_handicap': '-2.5', 'guest_handicap_odds': '1.89', 'guest_total': '小 236.5', 'guest_total_odds': '1.85', 'guest_icon': 'https://static.fastbs66.com/data/38f6e4d1261c72f42d45acdd52a9ce0a.png'}
資料插入成功！
draw_oods=>[]
主場:伊古门斯基耶里西
主隊分:85
主隊獨贏:None
客場:乌姆卡明斯克
客隊分:87
客隊獨贏:None
場次:第四节
進行時間:07:54
Leagua:白俄罗斯NBBL
Leagua_icon:https://static.fastbs66.com/data/9e7bdf6af9c03926f0e80c6ed9196650.png
===========
{'id': 1502659, 'league': '白俄罗斯NBBL', 'league_icon': 'https://static.fastbs66.com/data/9e7bdf6af9c03926f0e80c6ed9196650.png', 'start_at': '第四节07:54', 'home_name': '伊古门斯基耶里西', 'home_score': '85', 'home_win_odds': None, 'home_handicap': '+2.5', 'home_handicap_odds': '1.67', 'home_total': '大 213.5', 'home_total_odds': '1.97', 'home_icon': 'https://static.fastbs66.com/data/777c6f0a9b6f11929ecca8c7c48da9c1.png', 'guest_name': '乌姆卡明斯克', 'guest_score': '87', 'guest_win_odds': None, 'guest_handicap': '-2.5', 'guest_handicap_odds': '1.89', 'guest_total': '小 213.5', 'guest_total_odds': '1.59', 'guest_icon': 'https://static.fastbs66.com/data/e330c65aa97b499fddc6cf245e14975b.jpg'}
資料插入成功！
draw_oods=>[<p class="value font-din">1.67</p>, <p class="value font-din">2.02</p>]
主場:燕子 (女)
主隊分:6
主隊獨贏:1.67
客場:巨鸭 (女)
客隊分:4
客隊獨贏:2.02
場次:第一节
進行時間:07:36
Leagua:火箭女子篮球联盟
Leagua_icon:https://static.fastbs66.com/data/5db6a7248b7c7924e6c305bc3865949a.jpg
===========
{'id': 1502729, 'league': '火箭女子篮球联盟', 'league_icon': 'https://static.fastbs66.com/data/5db6a7248b7c7924e6c305bc3865949a.jpg', 'start_at': '第一节07:36', 'home_name': '燕子 (女)', 'home_score': '6', 'home_win_odds': '1.67', 'home_handicap': '-2.5', 'home_handicap_odds': '1.89', 'home_total': '大 169.5', 'home_total_odds': '1.85', 'home_icon': 'https://static.fastbs66.com/data/56c1ca0c830da88e0f9fb3b1ec8f44be.png', 'guest_name': '巨鸭 (女)', 'guest_score': '4', 'guest_win_odds': '2.02', 'guest_handicap': '+2.5', 'guest_handicap_odds': '1.83', 'guest_total': '小 169.5', 'guest_total_odds': '1.81', 'guest_icon': 'https://static.fastbs66.com/data/e8e727a6e83954c4392d1f308591c54d.png'}
資料插入成功！
[1340404]
match
draw_oods=>[]
主場:北海道日本火腿斗
主隊分:2
主隊獨贏:None
客場:东北乐天金鹰
客隊分:2
客隊獨贏:None
場次:第8局 下
進行時間:
Leagua:日本职业棒球
Leagua_icon:https://static.fastbs66.com/data/7af5e3d0713701f16160eb514b23099.png
===========
{'id': 1340404, 'league': '日本职业棒球', 'league_icon': 'https://static.fastbs66.com/data/7af5e3d0713701f16160eb514b23099.png', 'start_at': '第8局 下', 'home_name': '北海道日本火腿斗', 'home_score': '2', 'home_win_odds': None, 'home_handicap': None, 'home_handicap_odds': None, 'home_total': None, 'home_total_odds': None, 'home_icon': 'https://static.fastbs66.com/data/bbca60903c20e41de2109fade1249755.png', 'guest_name': '东北乐天金鹰', 'guest_score': '2', 'guest_win_odds': None, 'guest_handicap': None, 'guest_handicap_odds': None, 'guest_total': None, 'guest_total_odds': None, 'guest_icon': 'https://static.fastbs66.com/data/2312d477a3c55c5fde23a28f11fbc429.png'}
資料插入成功！
[1500945, 1500913, 1501459, 1500911, 1500914]
match
draw_oods=>[<p class="value font-din draw">1.15</p>, <p class="value font-din draw">4.32</p>]
主場:拉克夏.古普塔
主隊分:1
主隊獨贏:1.15
客場:以利亚.查姆 (
客隊分:0
客隊獨贏:4.32
場次:第二盘
進行時間:
Leagua:UTR 职业网球系列赛 - 男子单打
Leagua_icon:https://static.fastbs66.com/data/73eb470dcea415d44c496332a88bdec7.png
===========
{'id': 1500945, 'league': 'UTR 职业网球系列赛 - 男子单打', 'league_icon': 'https://static.fastbs66.com/data/73eb470dcea415d44c496332a88bdec7.png', 'start_at': '第二盘', 'home_name': '拉克夏.古普塔', 'home_score': '1', 'home_win_odds': '1.15', 'home_handicap': '-3.5', 'home_handicap_odds': '1.46', 'home_total': '大 22.5', 'home_total_odds': '2.26', 'home_icon': None, 'guest_name': '以利亚.查姆 (', 'guest_score': '0', 'guest_win_odds': '4.32', 'guest_handicap': '+3.5', 'guest_handicap_odds': '2.35', 'guest_total': '小 22.5', 'guest_total_odds': '1.51', 'guest_icon': None}
資料插入成功！
draw_oods=>[]
主場:帕拉福姆.科瓦皮
主隊分:1
主隊獨贏:None
客場:李在炆 (韩国)
客隊分:1
客隊獨贏:None
場次:第三盘
進行時間:
Leagua:ITF - M15 那空是贪玛叻 男子单打
Leagua_icon:https://static.fastbs66.com/data/600a2c15eb52c8329c8f7792ddf20fdd.png
===========
{'id': 1500913, 'league': 'ITF - M15 那空是贪玛叻 男子单打', 'league_icon': 'https://static.fastbs66.com/data/600a2c15eb52c8329c8f7792ddf20fdd.png', 'start_at': '第三盘', 'home_name': '帕拉福姆.科瓦皮', 'home_score': '1', 'home_win_odds': None, 'home_handicap': '-3.5', 'home_handicap_odds': '2.35', 'home_total': '大 28.5', 'home_total_odds': '1.86', 'home_icon': None, 'guest_name': '李在炆 (韩国)', 'guest_score': '1', 'guest_win_odds': None, 'guest_handicap': '+3.5', 'guest_handicap_odds': '1.46', 'guest_total': '小 28.5', 'guest_total_odds': '1.86', 'guest_icon': None}
資料插入成功！
draw_oods=>[]
主場:卢佳静 (中国)
主隊分:1
主隊獨贏:None
客場:王鑫彤 (中国)
客隊分:1
客隊獨贏:None
場次:第三盘
進行時間:
Leagua:ITF - W25 乃蛮女子单打
Leagua_icon:https://static.fastbs66.com/data/600a2c15eb52c8329c8f7792ddf20fdd.png
===========
{'id': 1501459, 'league': 'ITF - W25 乃蛮女子单打', 'league_icon': 'https://static.fastbs66.com/data/600a2c15eb52c8329c8f7792ddf20fdd.png', 'start_at': '第三盘', 'home_name': '卢佳静 (中国)', 'home_score': '1', 'home_win_odds': None, 'home_handicap': None, 'home_handicap_odds': None, 'home_total': None, 'home_total_odds': None, 'home_icon': None, 'guest_name': '王鑫彤 (中国)', 'guest_score': '1', 'guest_win_odds': None, 'guest_handicap': None, 'guest_handicap_odds': None, 'guest_total': None, 'guest_total_odds': None, 'guest_icon': None}
資料插入成功！
draw_oods=>[]
主場:吴美序 (中国)
主隊分:1
主隊獨贏:None
客場:王佳琪 (中国)
客隊分:1
客隊獨贏:None
場次:第三盘
進行時間:
Leagua:ITF - W25 乃蛮女子单打
Leagua_icon:https://static.fastbs66.com/data/600a2c15eb52c8329c8f7792ddf20fdd.png
===========
{'id': 1500911, 'league': 'ITF - W25 乃蛮女子单打', 'league_icon': 'https://static.fastbs66.com/data/600a2c15eb52c8329c8f7792ddf20fdd.png', 'start_at': '第三盘', 'home_name': '吴美序 (中国)', 'home_score': '1', 'home_win_odds': None, 'home_handicap': None, 'home_handicap_odds': None, 'home_total': None, 'home_total_odds': None, 'home_icon': None, 'guest_name': '王佳琪 (中国)', 'guest_score': '1', 'guest_win_odds': None, 'guest_handicap': None, 'guest_handicap_odds': None, 'guest_total': None, 'guest_total_odds': None, 'guest_icon': None}
資料插入成功！
draw_oods=>[<p class="value font-din draw">2.21</p>, <p class="value font-din draw">1.54</p>]
主場:唐盛 (中国)
主隊分:0
主隊獨贏:2.21
客場:埃里克.阿鲁蒂尼
客隊分:0
客隊獨贏:1.54
場次:第一盘
進行時間:
Leagua:ITF - M15 上海男子单打
Leagua_icon:https://static.fastbs66.com/data/3056bb883c802670e54ec5a06654442c.png
===========
{'id': 1500914, 'league': 'ITF - M15 上海男子单打', 'league_icon': 'https://static.fastbs66.com/data/3056bb883c802670e54ec5a06654442c.png', 'start_at': '第一盘', 'home_name': '唐盛 (中国)', 'home_score': '0', 'home_win_odds': '2.21', 'home_handicap': '+2.5', 'home_handicap_odds': '1.86', 'home_total': '大 22.5', 'home_total_odds': '1.92', 'home_icon': None, 'guest_name': '埃里克.阿鲁蒂尼', 'guest_score': '0', 'guest_win_odds': '1.54', 'guest_handicap': '-2.5', 'guest_handicap_odds': '1.86', 'guest_total': '小 22.5', 'guest_total_odds': '1.80', 'guest_icon': None}
資料插入成功！
[1501373, 1485917, 1501824, 1501408]
match
draw_oods=>[<p class="value font-din draw">1.57</p>, <p class="value font-din draw">2.15</p>]
主場:莫洛特pro
主隊分:1
主隊獨贏:1.57
客場:维塔兹pro
客隊分:0
客隊獨贏:2.15
場次:第二局
進行時間:
Leagua:白俄罗斯排球职业联赛
Leagua_icon:https://static.fastbs66.com/data/fcf71b7cad60688a760bc22eed1305f0.png
===========
{'id': 1501373, 'league': '白俄罗斯排球职业联赛', 'league_icon': 'https://static.fastbs66.com/data/fcf71b7cad60688a760bc22eed1305f0.png', 'start_at': '第二局', 'home_name': '莫洛特pro', 'home_score': '1', 'home_win_odds': '1.57', 'home_handicap': '+0.5', 'home_handicap_odds': '1.86', 'home_total': '大 189.5', 'home_total_odds': '1.86', 'home_icon': 'https://static.fastbs66.com/data/ebe5c6c1218afc6a72057f3012632072.png', 'guest_name': '维塔兹pro', 'guest_score': '0', 'guest_win_odds': '2.15', 'guest_handicap': '-0.5', 'guest_handicap_odds': '1.82', 'guest_total': '小 189.5', 'guest_total_odds': '1.82', 'guest_icon': 'https://static.fastbs66.com/data/46525fca15c6b20cf158ceb961442a2e.png'}
資料插入成功！
draw_oods=>[<p class="value font-din draw">1.24</p>, <p class="value font-din draw">3.33</p>]
主場:F2物流货物搬运
主隊分:2
主隊獨贏:1.24
客場:石油天使 (女)
客隊分:2
客隊獨贏:3.33
場次:第五局
進行時間:
Leagua:菲律宾女子排球超级联赛
Leagua_icon:https://static.fastbs66.com/data/33699b61eb37206ddda94adde8874737.png
===========
{'id': 1485917, 'league': '菲律宾女子排球超级联赛', 'league_icon': 'https://static.fastbs66.com/data/33699b61eb37206ddda94adde8874737.png', 'start_at': '第五局', 'home_name': 'F2物流货物搬运', 'home_score': '2', 'home_win_odds': '1.24', 'home_handicap': '+4.5', 'home_handicap_odds': '2.06', 'home_total': '大 223.5', 'home_total_odds': '2.23', 'home_icon': 'https://static.fastbs66.com/data/ab5e34b4fc268516009f0fc11a306c07.png', 'guest_name': '石油天使 (女)', 'guest_score': '2', 'guest_win_odds': '3.33', 'guest_handicap': '-4.5', 'guest_handicap_odds': '1.62', 'guest_total': '小 223.5', 'guest_total_odds': '1.49', 'guest_icon': 'https://static.fastbs66.com/data/d8a69aa61b3707951b04b246fa6b2ca4.jpg'}
資料插入成功！
draw_oods=>[<p class="value font-din draw">1.83</p>, <p class="value font-din draw">1.79</p>]
主場:意大利精神队 (
主隊分:0
主隊獨贏:1.83
客場:美国之星队 (女
客隊分:1
客隊獨贏:1.79
場次:第二局
進行時間:
Leagua:世界业余排球联赛女子
Leagua_icon:https://static.fastbs66.com/data/7d2391f3de767cc3dd3b8d6361a9090f.png
===========
{'id': 1501824, 'league': '世界业余排球联赛女子', 'league_icon': 'https://static.fastbs66.com/data/7d2391f3de767cc3dd3b8d6361a9090f.png', 'start_at': '第二局', 'home_name': '意大利精神队 (', 'home_score': '0', 'home_win_odds': '1.83', 'home_handicap': '+2.5', 'home_handicap_odds': '1.86', 'home_total': '大 187.5', 'home_total_odds': '1.85', 'home_icon': 'https://static.fastbs66.com/data/cd0908766eacb81810b90bcee33c577e.png', 'guest_name': '美国之星队 (女', 'guest_score': '1', 'guest_win_odds': '1.79', 'guest_handicap': '-2.5', 'guest_handicap_odds': '1.82', 'guest_total': '小 187.5', 'guest_total_odds': '1.83', 'guest_icon': 'https://static.fastbs66.com/data/390134f6f27684868f3236c4889630dd.png'}
資料插入成功！
draw_oods=>[]
主場:印尼
主隊分:2
主隊獨贏:None
客場:泰国
客隊分:2
客隊獨贏:None
場次:第五局
進行時間:
Leagua:AVC亚洲排球挑战杯
Leagua_icon:https://static.fastbs66.com/data/c8295b348ae50c23ff37a08d5fd89670.jpg
===========
{'id': 1501408, 'league': 'AVC亚洲排球挑战杯', 'league_icon': 'https://static.fastbs66.com/data/c8295b348ae50c23ff37a08d5fd89670.jpg', 'start_at': '第五局', 'home_name': '印尼', 'home_score': '2', 'home_win_odds': None, 'home_handicap': None, 'home_handicap_odds': None, 'home_total': None, 'home_total_odds': None, 'home_icon': 'https://static.fastbs66.com/data/4addc2a55b1deb7603a7e5ca3fdb1e7f.png', 'guest_name': '泰国', 'guest_score': '2', 'guest_win_odds': None, 'guest_handicap': None, 'guest_handicap_odds': None, 'guest_total': None, 'guest_total_odds': None, 'guest_icon': 'https://static.fastbs66.com/data/11e4d296113f1bd41273ec9859f1073.png'}
資料插入成功！
[]
[]
[1501451, 1501140, 1501149, 1501891, 1501890]
match
draw_oods=>[]
主場:托马斯.莱塞克
主隊分:2
主隊獨贏:None
客場:彼得·赫沃伊卡
客隊分:2
客隊獨贏:None
場次:第五局
進行時間:
Leagua:捷克职业联赛 - 男子单打
Leagua_icon:https://static.fastbs66.com/data/9e7bdf6af9c03926f0e80c6ed9196650.png
===========
{'id': 1501451, 'league': '捷克职业联赛 - 男子单打', 'league_icon': 'https://static.fastbs66.com/data/9e7bdf6af9c03926f0e80c6ed9196650.png', 'start_at': '第五局', 'home_name': '托马斯.莱塞克', 'home_score': '2', 'home_win_odds': None, 'home_handicap': None, 'home_handicap_odds': None, 'home_total': None, 'home_total_odds': None, 'home_icon': None, 'guest_name': '彼得·赫沃伊卡', 'guest_score': '2', 'guest_win_odds': None, 'guest_handicap': None, 'guest_handicap_odds': None, 'guest_total': None, 'guest_total_odds': None, 'guest_icon': None}
資料插入成功！
draw_oods=>[]
主場:孔拉德.斯塔兹奇
主隊分:2
主隊獨贏:None
客場:巴托什.切尔温斯
客隊分:0
客隊獨贏:None
場次:第三局
進行時間:
Leagua:TT 精英系列赛 - 男子单打
Leagua_icon:https://static.fastbs66.com/data/af2f54feba24d49ba0332099825bf1ab.png
===========
{'id': 1501140, 'league': 'TT 精英系列赛 - 男子单打', 'league_icon': 'https://static.fastbs66.com/data/af2f54feba24d49ba0332099825bf1ab.png', 'start_at': '第三局', 'home_name': '孔拉德.斯塔兹奇', 'home_score': '2', 'home_win_odds': None, 'home_handicap': '-6.5', 'home_handicap_odds': '1.78', 'home_total': '大 63.5', 'home_total_odds': '1.74', 'home_icon': None, 'guest_name': '巴托什.切尔温斯', 'guest_score': '0', 'guest_win_odds': None, 'guest_handicap': '+6.5', 'guest_handicap_odds': '1.90', 'guest_total': '小 63.5', 'guest_total_odds': '1.94', 'guest_icon': None}
資料插入成功！
draw_oods=>[<p class="value font-din draw">1.43</p>, <p class="value font-din draw">2.49</p>]
主場:翁德瑞.巴杰尔
主隊分:0
主隊獨贏:1.43
客場:格热戈日.阿达米
客隊分:0
客隊獨贏:2.49
場次:第一局
進行時間:
Leagua:TT 精英系列赛 - 男子单打
Leagua_icon:https://static.fastbs66.com/data/af2f54feba24d49ba0332099825bf1ab.png
===========
主隊獨贏:None
客場:泰国
客隊分:2
客隊獨贏:None
場次:第五局
進行時間:
Leagua:AVC亚洲排球挑战杯
Leagua_icon:https://static.fastbs66.com/data/c8295b348ae50c23ff37a08d5fd89670.jpg
===========
{'id': 1501408, 'league': 'AVC亚洲排球挑战杯', 'league_icon': 'https://static.fastbs66.com/data/c8295b348ae50c23ff37a08d5fd89670.jpg', 'start_at': '第五局', 'home_name': '印尼', 'home_score': '2', 'home_win_odds': None, 'home_handicap': None, 'home_handicap_odds': None, 'home_total': None, 'home_total_odds': None, 'home_icon': 'https://static.fastbs66.com/data/4addc2a55b1deb7603a7e5ca3fdb1e7f.png', 'guest_name': '泰国', 'guest_score': '2', 'guest_win_odds': None, 'guest_handicap': None, 'guest_handicap_odds': None, 'guest_total': None, 'guest_total_odds': None, 'guest_icon': 'https://static.fastbs66.com/data/11e4d296113f1bd41273ec9859f1073.png'}
資料插入成功！
[]
[]
[1501451, 1501140, 1501149, 1501891, 1501890]
match
draw_oods=>[]
主場:托马斯.莱塞克
主隊分:2
主隊獨贏:None
客場:彼得·赫沃伊卡
客隊分:2
客隊獨贏:None
場次:第五局
進行時間:
Leagua:捷克职业联赛 - 男子单打
Leagua_icon:https://static.fastbs66.com/data/9e7bdf6af9c03926f0e80c6ed9196650.png
===========
{'id': 1501451, 'league': '捷克职业联赛 - 男子单打', 'league_icon': 'https://static.fastbs66.com/data/9e7bdf6af9c03926f0e80c6ed9196650.png', 'start_at': '第五局', 'home_name': '托马斯.莱塞克', 'home_score': '2', 'home_win_odds': None, 'home_handicap': None, 'home_handicap_odds': None, 'home_total': None, 'home_total_odds': None, 'home_icon': None, 'guest_name': '彼得·赫沃伊卡', 'guest_score': '2', 'guest_win_odds': None, 'guest_handicap': None, 'guest_handicap_odds': None, 'guest_total': None, 'guest_total_odds': None, 'guest_icon': None}
資料插入成功！
draw_oods=>[<p class="value font-din draw">1.11</p>, <p class="value font-din draw">4.90</p>]
主場:孔拉德.斯塔兹奇
主隊分:2
主隊獨贏:1.11
客場:巴托什.切尔温斯
客隊分:0
客隊獨贏:4.90
場次:第三局
進行時間:
Leagua:TT 精英系列赛 - 男子单打
Leagua_icon:https://static.fastbs66.com/data/af2f54feba24d49ba0332099825bf1ab.png
===========
{'id': 1501140, 'league': 'TT 精英系列赛 - 男子单打', 'league_icon': 'https://static.fastbs66.com/data/af2f54feba24d49ba0332099825bf1ab.png', 'start_at': '第三局', 'home_name': '孔拉德.斯塔兹奇', 'home_score': '2', 'home_win_odds': '1.11', 'home_handicap': '-5.5', 'home_handicap_odds': '1.69', 'home_total': '大 77.5', 'home_total_odds': '1.87', 'home_icon': None, 'guest_name': '巴托什.切尔温斯', 'guest_score': '0', 'guest_win_odds': '4.90', 'guest_handicap': '+5.5', 'guest_handicap_odds': '1.99', 'guest_total': '小 77.5', 'guest_total_odds': '1.81', 'guest_icon': None}
資料插入成功！
draw_oods=>[<p class="value font-din draw">1.29</p>, <p class="value font-din draw">3.02</p>]
主場:翁德瑞.巴杰尔
主隊分:0
主隊獨贏:1.29
客場:格热戈日.阿达米
客隊分:0
客隊獨贏:3.02
場次:第一局
進行時間:
Leagua:TT 精英系列赛 - 男子单打
Leagua_icon:https://static.fastbs66.com/data/af2f54feba24d49ba0332099825bf1ab.png
===========
{'id': 1501149, 'league': 'TT 精英系列赛 - 男子单打', 'league_icon': 'https://static.fastbs66.com/data/af2f54feba24d49ba0332099825bf1ab.png', 'start_at': '第一局', 'home_name': '翁德瑞.巴杰尔', 'home_score': '0', 'home_win_odds': '1.29', 'home_handicap': '-7.5', 'home_handicap_odds': '1.92', 'home_total': '大 73.5', 'home_total_odds': '1.88', 'home_icon': None, 'guest_name': '格热戈日.阿达米', 'guest_score': '0', 'guest_win_odds': '3.02', 'guest_handicap': '+7.5', 'guest_handicap_odds': '1.76', 'guest_total': '小 73.5', 'guest_total_odds': '1.80', 'guest_icon': None}
資料插入成功！
draw_oods=>[<p class="value font-din draw">1.45</p>, <p class="value font-din draw">2.42</p>]
主場:维克托.桑切斯
主隊分:1
主隊獨贏:1.45
客場:弗朗西斯科.阿尔
客隊分:1
客隊獨贏:2.42
場次:第三局
進行時間:
Leagua:乌克兰TT杯 - 男子单打
Leagua_icon:https://static.fastbs66.com/data/9d5a9168483d9841bc62e036aa8151be.png
===========
{'id': 1501891, 'league': '乌克兰TT杯 - 男子单打', 'league_icon': 'https://static.fastbs66.com/data/9d5a9168483d9841bc62e036aa8151be.png', 'start_at': '第三局', 'home_name': '维克托.桑切斯', 'home_score': '1', 'home_win_odds': '1.45', 'home_handicap': None, 'home_handicap_odds': None, 'home_total': '大 87.5', 'home_total_odds': '1.83', 'home_icon': None, 'guest_name': '弗朗西斯科.阿尔', 'guest_score': '1', 'guest_win_odds': '2.42', 'guest_handicap': None, 'guest_handicap_odds': None, 'guest_total': '小 87.5', 'guest_total_odds': '1.85', 'guest_icon': None}
資料插入成功！
draw_oods=>[<p class="value font-din draw">1.38</p>, <p class="value font-din draw">2.65</p>]
主場:亚当.科萨茨基
主隊分:0
主隊獨贏:1.38
客場:丹尼尔.沃伊纳
客隊分:0
客隊獨贏:2.65
場次:第一局
進行時間:
Leagua:乌克兰TT杯 - 男子单打
Leagua_icon:https://static.fastbs66.com/data/9d5a9168483d9841bc62e036aa8151be.png
===========
{'id': 1501890, 'league': '乌克兰TT杯 - 男子单打', 'league_icon': 'https://static.fastbs66.com/data/9d5a9168483d9841bc62e036aa8151be.png', 'start_at': '第一局', 'home_name': '亚当.科萨茨基', 'home_score': '0', 'home_win_odds': '1.38', 'home_handicap': None, 'home_handicap_odds': None, 'home_total': '大 73.5', 'home_total_odds': '1.88', 'home_icon': None, 'guest_name': '丹尼尔.沃伊纳', 'guest_score': '0', 'guest_win_odds': '2.65', 'guest_handicap': None, 'guest_handicap_odds': None, 'guest_total': '小 73.5', 'guest_total_odds': '1.80', 'guest_icon': None}
資料插入成功！
failed
https://static.botion.com/pictures/v4_pic/slide_2021_07_14/quiet2/bg/f411f4fe71664d4b8b40ad8a6f707cc7.png
182 26
FB 体育
https://iapi.wtapaakmv.com/v1/match/getList
[1495684, 1495747, 1501944]
match
draw_oods=>[<p class="value font-din draw">2.05</p>, <p class="value font-din draw">4.41</p>, <p class="value font-din draw">2.05</p>]
主場:格罗德诺
主隊分:1
主隊獨贏:2.05
客場:罗加乔夫
客隊分:1
客隊獨贏:2.05
場次:上半场
進行時間:13:09
Leagua:白俄罗斯地区联赛A
Leagua_icon:https://static.fastbs66.com/data/9e7bdf6af9c03926f0e80c6ed9196650.png
===========
{'id': 1495684, 'league': '白俄罗斯地区联赛A', 'league_icon': 'https://static.fastbs66.com/data/9e7bdf6af9c03926f0e80c6ed9196650.png', 'start_at': '上半场13:09', 'home_name': '格罗德诺', 'home_score': '1', 'home_win_odds': '2.05', 'home_handicap': '0', 'home_handicap_odds': '1.80', 'home_total': '大 9', 'home_total_odds': '1.77', 'home_icon': 'https://static.fastbs66.com/data/1379c5403d8aa7e1b45474e30671cb7d.png', 'guest_name': '罗加乔夫', 'guest_score': '1', 'guest_win_odds': '2.05', 'guest_handicap': '0', 'guest_handicap_odds': '1.80', 'guest_total': '小 9', 'guest_total_odds': '1.83', 'guest_icon': 'https://static.fastbs66.com/data/d9034d2c9f0534e174868ad962d2f3e5.png'}
資料插入成功！
draw_oods=>[]
主場:建造师M
主隊分:3
主隊獨贏:None
客場:堡垒
客隊分:2
客隊獨贏:None
場次:下半场
進行時間:73:58
Leagua:白俄罗斯地区西方联赛
Leagua_icon:https://static.fastbs66.com/data/9e7bdf6af9c03926f0e80c6ed9196650.png
===========
{'id': 1495747, 'league': '白俄罗斯地区西方联赛', 'league_icon': 'https://static.fastbs66.com/data/9e7bdf6af9c03926f0e80c6ed9196650.png', 'start_at': '下半场73:58', 'home_name': '建造师M', 'home_score': '3', 'home_win_odds': None, 'home_handicap': None, 'home_handicap_odds': None, 'home_total': None, 'home_total_odds': None, 'home_icon': 'https://static.fastbs66.com/data/b279a7d574a3ba371f9d5c4220a2583.png', 'guest_name': '堡垒', 'guest_score': '2', 'guest_win_odds': None, 'guest_handicap': None, 'guest_handicap_odds': None, 'guest_total': None, 'guest_total_odds': None, 'guest_icon': 'https://static.fastbs66.com/data/9e0f844163a0093f149a837bf3bc4014.png'}
資料插入成功！
draw_oods=>[<p class="value font-din draw">6.95</p>, <p class="value font-din draw">6.30</p>, <p class="value font-din draw">1.11</p>]
主場:穆哈拉克
主隊分:0
主隊獨贏:6.95
客場:阿尔卡兹
客隊分:2
客隊獨贏:1.11
場次:上半场
進行時間:33:45
Leagua:非洲东北部联赛
Leagua_icon:https://static.fastbs66.com/data/9e7bdf6af9c03926f0e80c6ed9196650.png
===========
{'id': 1501944, 'league': '非洲东北部联赛', 'league_icon': 'https://static.fastbs66.com/data/9e7bdf6af9c03926f0e80c6ed9196650.png', 'start_at': '上半场33:45', 'home_name': '穆哈拉克', 'home_score': '0', 'home_win_odds': '6.95', 'home_handicap': '+0/0.5', 'home_handicap_odds': '1.72', 'home_total': '大 6/6.5', 'home_total_odds': '1.96', 'home_icon': 'https://static.fastbs66.com/data/44fd173a3ed0a235fbd6cd83c89b62b8.png', 'guest_name': '阿尔卡兹', 'guest_score': '2', 'guest_win_odds': '1.11', 'guest_handicap': '-0/0.5', 'guest_handicap_odds': '1.88', 'guest_total': '小 6/6.5', 'guest_total_odds': '1.64', 'guest_icon': 'https://static.fastbs66.com/data/81dacdc0967aa0160afc3f1b3498e958.png'}
資料插入成功！
[1496500, 1502713, 1501861, 1498312, 1495278, 1502728, 1502659, 1502729]
match
draw_oods=>[]
主場:宁波町渥
主隊分:67
主隊獨贏:None
客場:广东东莞大益
客隊分:54
客隊獨贏:None
場次:第三节
進行時間:03:48
Leagua:中国男子篮球夏季联赛
Leagua_icon:https://static.fastbs66.com/data/19d2417f4d291766e406e3d8315ab145.png
===========
{'id': 1496500, 'league': '中国男子篮球夏季联赛', 'league_icon': 'https://static.fastbs66.com/data/19d2417f4d291766e406e3d8315ab145.png', 'start_at': '第三节03:48', 'home_name': '宁波町渥', 'home_score': '67', 'home_win_odds': None, 'home_handicap': None, 'home_handicap_odds': None, 'home_total': None, 'home_total_odds': None, 'home_icon': 'https://static.fastbs66.com/data/36cdd876f7a19cdcf8bc01f262f524b.png', 'guest_name': '广东东莞大益', 'guest_score': '54', 'guest_win_odds': None, 'guest_handicap': None, 'guest_handicap_odds': None, 'guest_total': None, 'guest_total_odds': None, 'guest_icon': 'https://static.fastbs66.com/9b13365d347c79b481ffbf86f12e8c85.png'}
資料插入成功！
draw_oods=>[]
主場:河南猛虎
主隊分:19
主隊獨贏:None
客場:成都大熊猫
客隊分:23
客隊獨贏:None
場次:第二节
進行時間:12:00
Leagua:中国篮球新星联赛
Leagua_icon:https://static.fastbs66.com/data/152173ce23d65b103efc96355707ec14.png
===========
{'id': 1502713, 'league': '中国篮球新星联赛', 'league_icon': 'https://static.fastbs66.com/data/152173ce23d65b103efc96355707ec14.png', 'start_at': '第二节12:00', 'home_name': '河南猛虎', 'home_score': '19', 'home_win_odds': None, 'home_handicap': '+2.5', 'home_handicap_odds': '1.82', 'home_total': '大 192.5', 'home_total_odds': '1.78', 'home_icon': 'https://static.fastbs66.com/data/aa10f091f7e0a79ee3d3ee73a9c164d1.png', 'guest_name': '成都大熊猫', 'guest_score': '23', 'guest_win_odds': None, 'guest_handicap': '-2.5', 'guest_handicap_odds': '1.74', 'guest_total': '小 192.5', 'guest_total_odds': '1.78', 'guest_icon': 'https://static.fastbs66.com/data/ad813fc1a4c3237622f196e2adf7941a.png'}
資料插入成功！
draw_oods=>[]
主場:舞会服务
主隊分:19
主隊獨贏:None
客場:亚利桑那波多尔
客隊分:29
客隊獨贏:None
場次:第一节
進行時間:01:45
Leagua:乌克兰LBL篮球联赛
Leagua_icon:https://static.fastbs66.com/data/9e7bdf6af9c03926f0e80c6ed9196650.png
===========
{'id': 1501861, 'league': '乌克兰LBL篮球联赛', 'league_icon': 'https://static.fastbs66.com/data/9e7bdf6af9c03926f0e80c6ed9196650.png', 'start_at': '第一节01:45', 'home_name': '舞会服务', 'home_score': '19', 'home_win_odds': None, 'home_handicap': '+5.5', 'home_handicap_odds': '1.74', 'home_total': '大 215.5', 'home_total_odds': '1.79', 'home_icon': 'https://static.fastbs66.com/data/38c7923ac344c6622a28c0be8d74aca9.png', 'guest_name': '亚利桑那波多尔', 'guest_score': '29', 'guest_win_odds': None, 'guest_handicap': '-5.5', 'guest_handicap_odds': '1.82', 'guest_total': '小 215.5', 'guest_total_odds': '1.77', 'guest_icon': 'https://static.fastbs66.com/data/84d825924d046af336b9ece01f3c874c.png'}
資料插入成功！
draw_oods=>[]
主場:韩国中央大学
主隊分:45
主隊獨贏:None
客場:朝鲜大学
客隊分:40
客隊獨贏:None
場次:半场
進行時間:00:00
Leagua:韩国大学MBC篮球杯
Leagua_icon:https://static.fastbs66.com/data/9e7bdf6af9c03926f0e80c6ed9196650.png
===========
{'id': 1498312, 'league': '韩国大学MBC篮球杯', 'league_icon': 'https://static.fastbs66.com/data/9e7bdf6af9c03926f0e80c6ed9196650.png', 'start_at': '半场00:00', 'home_name': '韩国中央大学', 'home_score': '45', 'home_win_odds': None, 'home_handicap': '-15.5', 'home_handicap_odds': '1.80', 'home_total': None, 'home_total_odds': None, 'home_icon': 'https://static.fastbs66.com/data/eadb98a355c6200d57a3a1365e2e9f99.png', 'guest_name': '朝鲜大学', 'guest_score': '40', 'guest_win_odds': None, 'guest_handicap': '+15.5', 'guest_handicap_odds': '1.80', 'guest_total': None, 'guest_total_odds': None, 'guest_icon': 'https://static.fastbs66.com/data/30c2d3b8b53c80b341c61fafed2dd25.jpg'}
資料插入成功！
draw_oods=>[]
主場:宇航员
主隊分:73
主隊獨贏:None
客場:猎豹
客隊分:80
客隊獨贏:None
場次:第四节
進行時間:09:53
Leagua:白俄罗斯天空篮球联赛
Leagua_icon:https://static.fastbs66.com/data/a59a8f31f2ba80e6cc4459a6c75fb5b5.png
===========
{'id': 1495278, 'league': '白俄罗斯天空篮球联赛', 'league_icon': 'https://static.fastbs66.com/data/a59a8f31f2ba80e6cc4459a6c75fb5b5.png', 'start_at': '第四节09:53', 'home_name': '宇航员', 'home_score': '73', 'home_win_odds': None, 'home_handicap': '+6.5', 'home_handicap_odds': '1.73', 'home_total': '大 202.5', 'home_total_odds': '1.78', 'home_icon': 'https://static.fastbs66.com/data/55621ad890b390c559255cb50cd2ccfa.png', 'guest_name': '猎豹', 'guest_score': '80', 'guest_win_odds': None, 'guest_handicap': '-6.5', 'guest_handicap_odds': '1.83', 'guest_total': '小 202.5', 'guest_total_odds': '1.78', 'guest_icon': 'https://static.fastbs66.com/data/151d0044b4d2c531e7e0e57dc969743a.jpg'}
資料插入成功！
draw_oods=>[<p class="value font-din">2.00</p>, <p class="value font-din">1.69</p>]
主場:海军
主隊分:19
主隊獨贏:2.00
客場:突袭者
客隊分:21
客隊獨贏:1.69
場次:第一节
進行時間:04:12
Leagua:火箭篮球联盟
Leagua_icon:https://static.fastbs66.com/data/8c4c1897a8e754955918ea5327c4f99c.png
===========
{'id': 1502728, 'league': '火箭篮球联盟', 'league_icon': 'https://static.fastbs66.com/data/8c4c1897a8e754955918ea5327c4f99c.png', 'start_at': '第一节04:12', 'home_name': '海军', 'home_score': '19', 'home_win_odds': '2.00', 'home_handicap': '+2.5', 'home_handicap_odds': '1.83', 'home_total': '大 240.5', 'home_total_odds': '1.83', 'home_icon': 'https://static.fastbs66.com/data/b57b55df31ed225867b8a273ef3aa373.png', 'guest_name': '突袭者', 'guest_score': '21', 'guest_win_odds': '1.69', 'guest_handicap': '-2.5', 'guest_handicap_odds': '1.89', 'guest_total': '小 240.5', 'guest_total_odds': '1.83', 'guest_icon': 'https://static.fastbs66.com/data/38f6e4d1261c72f42d45acdd52a9ce0a.png'}
資料插入成功！
draw_oods=>[]
主場:伊古门斯基耶里西
主隊分:87
主隊獨贏:None
客場:乌姆卡明斯克
客隊分:92
客隊獨贏:None
場次:第四节
進行時間:06:44
Leagua:白俄罗斯NBBL
Leagua_icon:https://static.fastbs66.com/data/9e7bdf6af9c03926f0e80c6ed9196650.png
===========
{'id': 1502659, 'league': '白俄罗斯NBBL', 'league_icon': 'https://static.fastbs66.com/data/9e7bdf6af9c03926f0e80c6ed9196650.png', 'start_at': '第四节06:44', 'home_name': '伊古门斯基耶里西', 'home_score': '87', 'home_win_odds': None, 'home_handicap': '+4.5', 'home_handicap_odds': '1.84', 'home_total': '大 213.5', 'home_total_odds': '1.88', 'home_icon': 'https://static.fastbs66.com/data/777c6f0a9b6f11929ecca8c7c48da9c1.png', 'guest_name': '乌姆卡明斯克', 'guest_score': '92', 'guest_win_odds': None, 'guest_handicap': '-4.5', 'guest_handicap_odds': '1.72', 'guest_total': '小 213.5', 'guest_total_odds': '1.68', 'guest_icon': 'https://static.fastbs66.com/data/e330c65aa97b499fddc6cf245e14975b.jpg'}
資料插入成功！
draw_oods=>[<p class="value font-din">1.48</p>, <p class="value font-din">2.38</p>]
主場:燕子 (女)
主隊分:9
主隊獨贏:1.48
客場:巨鸭 (女)
客隊分:4
客隊獨贏:2.38
場次:第一节
進行時間:06:42
Leagua:火箭女子篮球联盟
Leagua_icon:https://static.fastbs66.com/data/5db6a7248b7c7924e6c305bc3865949a.jpg
===========
{'id': 1502729, 'league': '火箭女子篮球联盟', 'league_icon': 'https://static.fastbs66.com/data/5db6a7248b7c7924e6c305bc3865949a.jpg', 'start_at': '第一节06:42', 'home_name': '燕子 (女)', 'home_score': '9', 'home_win_odds': '1.48', 'home_handicap': '-4.5', 'home_handicap_odds': '1.82', 'home_total': '大 169.5', 'home_total_odds': '1.87', 'home_icon': 'https://static.fastbs66.com/data/56c1ca0c830da88e0f9fb3b1ec8f44be.png', 'guest_name': '巨鸭 (女)', 'guest_score': '4', 'guest_win_odds': '2.38', 'guest_handicap': '+4.5', 'guest_handicap_odds': '1.90', 'guest_total': '小 169.5', 'guest_total_odds': '1.79', 'guest_icon': 'https://static.fastbs66.com/data/e8e727a6e83954c4392d1f308591c54d.png'}
資料插入成功！
[1340404]
match
draw_oods=>[]
主場:北海道日本火腿斗
主隊分:2
主隊獨贏:None
客場:东北乐天金鹰
客隊分:2
客隊獨贏:None
場次:第8局 下
進行時間:
Leagua:日本职业棒球
Leagua_icon:https://static.fastbs66.com/data/7af5e3d0713701f16160eb514b23099.png
===========
{'id': 1340404, 'league': '日本职业棒球', 'league_icon': 'https://static.fastbs66.com/data/7af5e3d0713701f16160eb514b23099.png', 'start_at': '第8局 下', 'home_name': '北海道日本火腿斗', 'home_score': '2', 'home_win_odds': None, 'home_handicap': None, 'home_handicap_odds': None, 'home_total': None, 'home_total_odds': None, 'home_icon': 'https://static.fastbs66.com/data/bbca60903c20e41de2109fade1249755.png', 'guest_name': '东北乐天金鹰', 'guest_score': '2', 'guest_win_odds': None, 'guest_handicap': None, 'guest_handicap_odds': None, 'guest_total': None, 'guest_total_odds': None, 'guest_icon': 'https://static.fastbs66.com/data/2312d477a3c55c5fde23a28f11fbc429.png'}
資料插入成功！
[1500945, 1500913, 1501459, 1500911, 1500914]
match
draw_oods=>[<p class="value font-din draw">1.41</p>, <p class="value font-din draw">2.52</p>]
主場:拉克夏.古普塔
主隊分:1
主隊獨贏:1.41
客場:以利亚.查姆 (
客隊分:0
客隊獨贏:2.52
場次:第二盘
進行時間:
Leagua:UTR 职业网球系列赛 - 男子单打
Leagua_icon:https://static.fastbs66.com/data/73eb470dcea415d44c496332a88bdec7.png
===========
{'id': 1500945, 'league': 'UTR 职业网球系列赛 - 男子单打', 'league_icon': 'https://static.fastbs66.com/data/73eb470dcea415d44c496332a88bdec7.png', 'start_at': '第二盘', 'home_name': '拉克夏.古普塔', 'home_score': '1', 'home_win_odds': '1.41', 'home_handicap': '-2.5', 'home_handicap_odds': '1.68', 'home_total': '大 25.5', 'home_total_odds': '1.88', 'home_icon': None, 'guest_name': '以利亚.查姆 (', 'guest_score': '0', 'guest_win_odds': '2.52', 'guest_handicap': '+2.5', 'guest_handicap_odds': '2.04', 'guest_total': '小 25.5', 'guest_total_odds': '1.84', 'guest_icon': None}
資料插入成功！
draw_oods=>[<p class="value font-din draw">1.21</p>, <p class="value font-din draw">3.63</p>]
主場:帕拉福姆.科瓦皮
主隊分:1
主隊獨贏:1.21
客場:李在炆 (韩国)
客隊分:1
客隊獨贏:3.63
場次:第三盘
進行時間:
Leagua:ITF - M15 那空是贪玛叻 男子单打
Leagua_icon:https://static.fastbs66.com/data/600a2c15eb52c8329c8f7792ddf20fdd.png
===========
{'id': 1500913, 'league': 'ITF - M15 那空是贪玛叻 男子单打', 'league_icon': 'https://static.fastbs66.com/data/600a2c15eb52c8329c8f7792ddf20fdd.png', 'start_at': '第三盘', 'home_name': '帕拉福姆.科瓦皮', 'home_score': '1', 'home_win_odds': '1.21', 'home_handicap': '-3.5', 'home_handicap_odds': '2.14', 'home_total': '大 28.5', 'home_total_odds': '1.86', 'home_icon': None, 'guest_name': '李在炆 (韩国)', 'guest_score': '1', 'guest_win_odds': '3.63', 'guest_handicap': '+3.5', 'guest_handicap_odds': '1.59', 'guest_total': '小 28.5', 'guest_total_odds': '1.86', 'guest_icon': None}
資料插入成功！
draw_oods=>[]
主場:卢佳静 (中国)
主隊分:1
主隊獨贏:None
客場:王鑫彤 (中国)
客隊分:1
客隊獨贏:None
場次:第三盘
進行時間:
Leagua:ITF - W25 乃蛮女子单打
Leagua_icon:https://static.fastbs66.com/data/600a2c15eb52c8329c8f7792ddf20fdd.png
===========
{'id': 1501459, 'league': 'ITF - W25 乃蛮女子单打', 'league_icon': 'https://static.fastbs66.com/data/600a2c15eb52c8329c8f7792ddf20fdd.png', 'start_at': '第三盘', 'home_name': '卢佳静 (中国)', 'home_score': '1', 'home_win_odds': None, 'home_handicap': None, 'home_handicap_odds': None, 'home_total': None, 'home_total_odds': None, 'home_icon': None, 'guest_name': '王鑫彤 (中国)', 'guest_score': '1', 'guest_win_odds': None, 'guest_handicap': None, 'guest_handicap_odds': None, 'guest_total': None, 'guest_total_odds': None, 'guest_icon': None}
資料插入成功！
draw_oods=>[]
主場:吴美序 (中国)
主隊分:1
主隊獨贏:None
客場:王佳琪 (中国)
客隊分:1
客隊獨贏:None
場次:第三盘
進行時間:
Leagua:ITF - W25 乃蛮女子单打
Leagua_icon:https://static.fastbs66.com/data/600a2c15eb52c8329c8f7792ddf20fdd.png
===========
{'id': 1500911, 'league': 'ITF - W25 乃蛮女子单打', 'league_icon': 'https://static.fastbs66.com/data/600a2c15eb52c8329c8f7792ddf20fdd.png', 'start_at': '第三盘', 'home_name': '吴美序 (中国)', 'home_score': '1', 'home_win_odds': None, 'home_handicap': None, 'home_handicap_odds': None, 'home_total': None, 'home_total_odds': None, 'home_icon': None, 'guest_name': '王佳琪 (中国)', 'guest_score': '1', 'guest_win_odds': None, 'guest_handicap': None, 'guest_handicap_odds': None, 'guest_total': None, 'guest_total_odds': None, 'guest_icon': None}
資料插入成功！
draw_oods=>[<p class="value font-din draw">2.90</p>, <p class="value font-din draw">1.32</p>]
主場:唐盛 (中国)
主隊分:0
主隊獨贏:2.90
客場:埃里克.阿鲁蒂尼
客隊分:0
客隊獨贏:1.32
場次:第一盘
進行時間:
Leagua:ITF - M15 上海男子单打
Leagua_icon:https://static.fastbs66.com/data/3056bb883c802670e54ec5a06654442c.png
===========
{'id': 1500914, 'league': 'ITF - M15 上海男子单打', 'league_icon': 'https://static.fastbs66.com/data/3056bb883c802670e54ec5a06654442c.png', 'start_at': '第一盘', 'home_name': '唐盛 (中国)', 'home_score': '0', 'home_win_odds': '2.90', 'home_handicap': '+3.5', 'home_handicap_odds': '1.92', 'home_total': '大 21.5', 'home_total_odds': '1.80', 'home_icon': None, 'guest_name': '埃里克.阿鲁蒂尼', 'guest_score': '0', 'guest_win_odds': '1.32', 'guest_handicap': '-3.5', 'guest_handicap_odds': '1.80', 'guest_total': '小 21.5', 'guest_total_odds': '1.92', 'guest_icon': None}
資料插入成功！
[1501373, 1485917, 1501824, 1501408]
match
draw_oods=>[<p class="value font-din draw">1.64</p>, <p class="value font-din draw">2.03</p>]
主場:莫洛特pro
主隊分:1
主隊獨贏:1.64
客場:维塔兹pro
客隊分:0
客隊獨贏:2.03
場次:第二局
進行時間:
Leagua:白俄罗斯排球职业联赛
Leagua_icon:https://static.fastbs66.com/data/fcf71b7cad60688a760bc22eed1305f0.png
===========
{'id': 1501373, 'league': '白俄罗斯排球职业联赛', 'league_icon': 'https://static.fastbs66.com/data/fcf71b7cad60688a760bc22eed1305f0.png', 'start_at': '第二局', 'home_name': '莫洛特pro', 'home_score': '1', 'home_win_odds': '1.64', 'home_handicap': '+1.5', 'home_handicap_odds': '1.89', 'home_total': '大 189.5', 'home_total_odds': '1.84', 'home_icon': 'https://static.fastbs66.com/data/ebe5c6c1218afc6a72057f3012632072.png', 'guest_name': '维塔兹pro', 'guest_score': '0', 'guest_win_odds': '2.03', 'guest_handicap': '-1.5', 'guest_handicap_odds': '1.79', 'guest_total': '小 189.5', 'guest_total_odds': '1.84', 'guest_icon': 'https://static.fastbs66.com/data/46525fca15c6b20cf158ceb961442a2e.png'}
資料插入成功！
draw_oods=>[<p class="value font-din draw">1.32</p>, <p class="value font-din draw">2.88</p>]
主場:F2物流货物搬运
主隊分:2
主隊獨贏:1.32
客場:石油天使 (女)
客隊分:2
客隊獨贏:2.88
場次:第五局
進行時間:
Leagua:菲律宾女子排球超级联赛
Leagua_icon:https://static.fastbs66.com/data/33699b61eb37206ddda94adde8874737.png
===========
{'id': 1485917, 'league': '菲律宾女子排球超级联赛', 'league_icon': 'https://static.fastbs66.com/data/33699b61eb37206ddda94adde8874737.png', 'start_at': '第五局', 'home_name': 'F2物流货物搬运', 'home_score': '2', 'home_win_odds': '1.32', 'home_handicap': '+5.5', 'home_handicap_odds': '2.02', 'home_total': '大 223.5', 'home_total_odds': '1.97', 'home_icon': 'https://static.fastbs66.com/data/ab5e34b4fc268516009f0fc11a306c07.png', 'guest_name': '石油天使 (女)', 'guest_score': '2', 'guest_win_odds': '2.88', 'guest_handicap': '-5.5', 'guest_handicap_odds': '1.66', 'guest_total': '小 223.5', 'guest_total_odds': '1.71', 'guest_icon': 'https://static.fastbs66.com/data/d8a69aa61b3707951b04b246fa6b2ca4.jpg'}
資料插入成功！
draw_oods=>[<p class="value font-din draw">2.03</p>, <p class="value font-din draw">1.64</p>]
主場:意大利精神队 (
主隊分:0
主隊獨贏:2.03
客場:美国之星队 (女
客隊分:1
客隊獨贏:1.64
場次:第二局
進行時間:
Leagua:世界业余排球联赛女子
Leagua_icon:https://static.fastbs66.com/data/7d2391f3de767cc3dd3b8d6361a9090f.png
===========
{'id': 1501824, 'league': '世界业余排球联赛女子', 'league_icon': 'https://static.fastbs66.com/data/7d2391f3de767cc3dd3b8d6361a9090f.png', 'start_at': '第二局', 'home_name': '意大利精神队 (', 'home_score': '0', 'home_win_odds': '2.03', 'home_handicap': '+5.5', 'home_handicap_odds': '1.83', 'home_total': '大 186.5', 'home_total_odds': '1.86', 'home_icon': 'https://static.fastbs66.com/data/cd0908766eacb81810b90bcee33c577e.png', 'guest_name': '美国之星队 (女', 'guest_score': '1', 'guest_win_odds': '1.64', 'guest_handicap': '-5.5', 'guest_handicap_odds': '1.85', 'guest_total': '小 186.5', 'guest_total_odds': '1.82', 'guest_icon': 'https://static.fastbs66.com/data/390134f6f27684868f3236c4889630dd.png'}
資料插入成功！
draw_oods=>[]
主場:印尼
主隊分:2
主隊獨贏:None
客場:泰国
客隊分:2
客隊獨贏:None
場次:第五局
進行時間:
Leagua:AVC亚洲排球挑战杯
Leagua_icon:https://static.fastbs66.com/data/c8295b348ae50c23ff37a08d5fd89670.jpg
===========
{'id': 1501408, 'league': 'AVC亚洲排球挑战杯', 'league_icon': 'https://static.fastbs66.com/data/c8295b348ae50c23ff37a08d5fd89670.jpg', 'start_at': '第五局', 'home_name': '印尼', 'home_score': '2', 'home_win_odds': None, 'home_handicap': None, 'home_handicap_odds': None, 'home_total': None, 'home_total_odds': None, 'home_icon': 'https://static.fastbs66.com/data/4addc2a55b1deb7603a7e5ca3fdb1e7f.png', 'guest_name': '泰国', 'guest_score': '2', 'guest_win_odds': None, 'guest_handicap': None, 'guest_handicap_odds': None, 'guest_total': None, 'guest_total_odds': None, 'guest_icon': 'https://static.fastbs66.com/data/11e4d296113f1bd41273ec9859f1073.png'}
資料插入成功！
[]
[]
[1501451, 1501140, 1501149, 1501891, 1501890]
match
draw_oods=>[]
主場:托马斯.莱塞克
主隊分:2
主隊獨贏:None
客場:彼得·赫沃伊卡
客隊分:2
客隊獨贏:None
場次:第五局
進行時間:
Leagua:捷克职业联赛 - 男子单打
Leagua_icon:https://static.fastbs66.com/data/9e7bdf6af9c03926f0e80c6ed9196650.png
===========
{'id': 1501451, 'league': '捷克职业联赛 - 男子单打', 'league_icon': 'https://static.fastbs66.com/data/9e7bdf6af9c03926f0e80c6ed9196650.png', 'start_at': '第五局', 'home_name': '托马斯.莱塞克', 'home_score': '2', 'home_win_odds': None, 'home_handicap': None, 'home_handicap_odds': None, 'home_total': None, 'home_total_odds': None, 'home_icon': None, 'guest_name': '彼得·赫沃伊卡', 'guest_score': '2', 'guest_win_odds': None, 'guest_handicap': None, 'guest_handicap_odds': None, 'guest_total': None, 'guest_total_odds': None, 'guest_icon': None}
資料插入成功！
draw_oods=>[]
主場:孔拉德.斯塔兹奇
主隊分:2
主隊獨贏:None
客場:巴托什.切尔温斯
客隊分:0
客隊獨贏:None
場次:第三局
進行時間:
Leagua:TT 精英系列赛 - 男子单打
Leagua_icon:https://static.fastbs66.com/data/af2f54feba24d49ba0332099825bf1ab.png
===========
{'id': 1501140, 'league': 'TT 精英系列赛 - 男子单打', 'league_icon': 'https://static.fastbs66.com/data/af2f54feba24d49ba0332099825bf1ab.png', 'start_at': '第三局', 'home_name': '孔拉德.斯塔兹奇', 'home_score': '2', 'home_win_odds': None, 'home_handicap': '-6.5', 'home_handicap_odds': '1.75', 'home_total': '大 63.5', 'home_total_odds': '1.78', 'home_icon': None, 'guest_name': '巴托什.切尔温斯', 'guest_score': '0', 'guest_win_odds': None, 'guest_handicap': '+6.5', 'guest_handicap_odds': '1.93', 'guest_total': '小 63.5', 'guest_total_odds': '1.90', 'guest_icon': None}
資料插入成功！
draw_oods=>[]
主場:翁德瑞.巴杰尔
主隊分:0
主隊獨贏:None
客場:格热戈日.阿达米
客隊分:0
客隊獨贏:None
場次:第一局
進行時間:
Leagua:TT 精英系列赛 - 男子单打
Leagua_icon:https://static.fastbs66.com/data/af2f54feba24d49ba0332099825bf1ab.png
===========
{'id': 1501149, 'league': 'TT 精英系列赛 - 男子单打', 'league_icon': 'https://static.fastbs66.com/data/af2f54feba24d49ba0332099825bf1ab.png', 'start_at': '第一局', 'home_name': '翁德瑞.巴杰尔', 'home_score': '0', 'home_win_odds': None, 'home_handicap': None, 'home_handicap_odds': None, 'home_total': None, 'home_total_odds': None, 'home_icon': None, 'guest_name': '格热戈日.阿达米', 'guest_score': '0', 'guest_win_odds': None, 'guest_handicap': None, 'guest_handicap_odds': None, 'guest_total': None, 'guest_total_odds': None, 'guest_icon': None}
資料插入成功！
draw_oods=>[]
主場:维克托.桑切斯
主隊分:1
主隊獨贏:None
客場:弗朗西斯科.阿尔
客隊分:1
客隊獨贏:None
場次:第三局
進行時間:
Leagua:乌克兰TT杯 - 男子单打
Leagua_icon:https://static.fastbs66.com/data/9d5a9168483d9841bc62e036aa8151be.png
===========
{'id': 1501891, 'league': '乌克兰TT杯 - 男子单打', 'league_icon': 'https://static.fastbs66.com/data/9d5a9168483d9841bc62e036aa8151be.png', 'start_at': '第三局', 'home_name': '维克托.桑切斯', 'home_score': '1', 'home_win_odds': None, 'home_handicap': None, 'home_handicap_odds': None, 'home_total': '大 92.5', 'home_total_odds': '1.85', 'home_icon': None, 'guest_name': '弗朗西斯科.阿尔', 'guest_score': '1', 'guest_win_odds': None, 'guest_handicap': None, 'guest_handicap_odds': None, 'guest_total': '小 92.5', 'guest_total_odds': '1.83', 'guest_icon': None}
資料插入成功！
draw_oods=>[<p class="value font-din draw">1.25</p>, <p class="value font-din draw">3.31</p>]
主場:亚当.科萨茨基
主隊分:1
主隊獨贏:1.25
客場:丹尼尔.沃伊纳
客隊分:0
客隊獨贏:3.31
場次:第二局
進行時間:
Leagua:乌克兰TT杯 - 男子单打
Leagua_icon:https://static.fastbs66.com/data/9d5a9168483d9841bc62e036aa8151be.png
===========
